UPCR: UPC thread  0 of 96 on nid00220 (pshm node 0 of 8, process  0 of 96, pid=44779)
UPCR: UPC thread 12 of 96 on nid00221 (pshm node 1 of 8, process 12 of 96, pid=46457)
UPCR: UPC thread  1 of 96 on nid00220 (pshm node 0 of 8, process  1 of 96, pid=44780)
UPCR: UPC thread 36 of 96 on nid00223 (pshm node 3 of 8, process 36 of 96, pid=21993)
UPCR: UPC thread 24 of 96 on nid00222 (pshm node 2 of 8, process 24 of 96, pid=22134)
UPCR: UPC thread 48 of 96 on nid00224 (pshm node 4 of 8, process 48 of 96, pid=3921)
UPCR: UPC thread 13 of 96 on nid00221 (pshm node 1 of 8, process 13 of 96, pid=46458)
UPCR: UPC thread 84 of 96 on nid00227 (pshm node 7 of 8, process 84 of 96, pid=32385)
UPCR: UPC thread  2 of 96 on nid00220 (pshm node 0 of 8, process  2 of 96, pid=44781)
UPCR: UPC thread 60 of 96 on nid00225 (pshm node 5 of 8, process 60 of 96, pid=335)
UPCR: UPC thread 37 of 96 on nid00223 (pshm node 3 of 8, process 37 of 96, pid=21994)
UPCR: UPC thread 25 of 96 on nid00222 (pshm node 2 of 8, process 25 of 96, pid=22135)
UPCR: UPC thread 72 of 96 on nid00226 (pshm node 6 of 8, process 72 of 96, pid=12329)
UPCR: UPC thread 50 of 96 on nid00224 (pshm node 4 of 8, process 50 of 96, pid=3923)
UPCR: UPC thread 14 of 96 on nid00221 (pshm node 1 of 8, process 14 of 96, pid=46459)
UPCR: UPC thread 86 of 96 on nid00227 (pshm node 7 of 8, process 86 of 96, pid=32387)
UPCR: UPC thread  3 of 96 on nid00220 (pshm node 0 of 8, process  3 of 96, pid=44782)
UPCR: UPC thread 61 of 96 on nid00225 (pshm node 5 of 8, process 61 of 96, pid=336)
UPCR: UPC thread 38 of 96 on nid00223 (pshm node 3 of 8, process 38 of 96, pid=21995)
UPCR: UPC thread 26 of 96 on nid00222 (pshm node 2 of 8, process 26 of 96, pid=22136)
UPCR: UPC thread 51 of 96 on nid00224 (pshm node 4 of 8, process 51 of 96, pid=3924)
UPCR: UPC thread 15 of 96 on nid00221 (pshm node 1 of 8, process 15 of 96, pid=46460)
UPCR: UPC thread 87 of 96 on nid00227 (pshm node 7 of 8, process 87 of 96, pid=32388)
UPCR: UPC thread  4 of 96 on nid00220 (pshm node 0 of 8, process  4 of 96, pid=44783)
UPCR: UPC thread 62 of 96 on nid00225 (pshm node 5 of 8, process 62 of 96, pid=337)
UPCR: UPC thread 39 of 96 on nid00223 (pshm node 3 of 8, process 39 of 96, pid=21996)
UPCR: UPC thread 27 of 96 on nid00222 (pshm node 2 of 8, process 27 of 96, pid=22137)
UPCR: UPC thread 52 of 96 on nid00224 (pshm node 4 of 8, process 52 of 96, pid=3925)
UPCR: UPC thread 16 of 96 on nid00221 (pshm node 1 of 8, process 16 of 96, pid=46461)
UPCR: UPC thread 89 of 96 on nid00227 (pshm node 7 of 8, process 89 of 96, pid=32390)
UPCR: UPC thread  5 of 96 on nid00220 (pshm node 0 of 8, process  5 of 96, pid=44784)
UPCR: UPC thread 63 of 96 on nid00225 (pshm node 5 of 8, process 63 of 96, pid=338)
UPCR: UPC thread 40 of 96 on nid00223 (pshm node 3 of 8, process 40 of 96, pid=21997)
UPCR: UPC thread 28 of 96 on nid00222 (pshm node 2 of 8, process 28 of 96, pid=22138)
UPCR: UPC thread 53 of 96 on nid00224 (pshm node 4 of 8, process 53 of 96, pid=3926)
UPCR: UPC thread 17 of 96 on nid00221 (pshm node 1 of 8, process 17 of 96, pid=46462)
UPCR: UPC thread 92 of 96 on nid00227 (pshm node 7 of 8, process 92 of 96, pid=32393)
UPCR: UPC thread  6 of 96 on nid00220 (pshm node 0 of 8, process  6 of 96, pid=44785)
UPCR: UPC thread 64 of 96 on nid00225 (pshm node 5 of 8, process 64 of 96, pid=339)
UPCR: UPC thread 41 of 96 on nid00223 (pshm node 3 of 8, process 41 of 96, pid=21998)
UPCR: UPC thread 29 of 96 on nid00222 (pshm node 2 of 8, process 29 of 96, pid=22139)
UPCR: UPC thread 54 of 96 on nid00224 (pshm node 4 of 8, process 54 of 96, pid=3927)
UPCR: UPC thread 18 of 96 on nid00221 (pshm node 1 of 8, process 18 of 96, pid=46463)
UPCR: UPC thread 94 of 96 on nid00227 (pshm node 7 of 8, process 94 of 96, pid=32395)
UPCR: UPC thread  7 of 96 on nid00220 (pshm node 0 of 8, process  7 of 96, pid=44786)
UPCR: UPC thread 65 of 96 on nid00225 (pshm node 5 of 8, process 65 of 96, pid=340)
UPCR: UPC thread 42 of 96 on nid00223 (pshm node 3 of 8, process 42 of 96, pid=21999)
UPCR: UPC thread 30 of 96 on nid00222 (pshm node 2 of 8, process 30 of 96, pid=22140)
UPCR: UPC thread 55 of 96 on nid00224 (pshm node 4 of 8, process 55 of 96, pid=3928)
UPCR: UPC thread 19 of 96 on nid00221 (pshm node 1 of 8, process 19 of 96, pid=46464)
UPCR: UPC thread 95 of 96 on nid00227 (pshm node 7 of 8, process 95 of 96, pid=32396)
UPCR: UPC thread  8 of 96 on nid00220 (pshm node 0 of 8, process  8 of 96, pid=44787)
UPCR: UPC thread 66 of 96 on nid00225 (pshm node 5 of 8, process 66 of 96, pid=341)
UPCR: UPC thread 43 of 96 on nid00223 (pshm node 3 of 8, process 43 of 96, pid=22000)
UPCR: UPC thread 31 of 96 on nid00222 (pshm node 2 of 8, process 31 of 96, pid=22141)
UPCR: UPC thread 56 of 96 on nid00224 (pshm node 4 of 8, process 56 of 96, pid=3929)
UPCR: UPC thread 20 of 96 on nid00221 (pshm node 1 of 8, process 20 of 96, pid=46465)
UPCR: UPC thread 85 of 96 on nid00227 (pshm node 7 of 8, process 85 of 96, pid=32386)
UPCR: UPC thread  9 of 96 on nid00220 (pshm node 0 of 8, process  9 of 96, pid=44788)
UPCR: UPC thread 67 of 96 on nid00225 (pshm node 5 of 8, process 67 of 96, pid=342)
UPCR: UPC thread 44 of 96 on nid00223 (pshm node 3 of 8, process 44 of 96, pid=22001)
UPCR: UPC thread 32 of 96 on nid00222 (pshm node 2 of 8, process 32 of 96, pid=22142)
UPCR: UPC thread 57 of 96 on nid00224 (pshm node 4 of 8, process 57 of 96, pid=3930)
UPCR: UPC thread 21 of 96 on nid00221 (pshm node 1 of 8, process 21 of 96, pid=46466)
UPCR: UPC thread 88 of 96 on nid00227 (pshm node 7 of 8, process 88 of 96, pid=32389)
UPCR: UPC thread 10 of 96 on nid00220 (pshm node 0 of 8, process 10 of 96, pid=44789)
UPCR: UPC thread 68 of 96 on nid00225 (pshm node 5 of 8, process 68 of 96, pid=343)
UPCR: UPC thread 45 of 96 on nid00223 (pshm node 3 of 8, process 45 of 96, pid=22002)
UPCR: UPC thread 33 of 96 on nid00222 (pshm node 2 of 8, process 33 of 96, pid=22143)
UPCR: UPC thread 58 of 96 on nid00224 (pshm node 4 of 8, process 58 of 96, pid=3931)
UPCR: UPC thread 22 of 96 on nid00221 (pshm node 1 of 8, process 22 of 96, pid=46467)
UPCR: UPC thread 90 of 96 on nid00227 (pshm node 7 of 8, process 90 of 96, pid=32391)
UPCR: UPC thread 11 of 96 on nid00220 (pshm node 0 of 8, process 11 of 96, pid=44790)
UPCR: UPC thread 69 of 96 on nid00225 (pshm node 5 of 8, process 69 of 96, pid=344)
UPCR: UPC thread 46 of 96 on nid00223 (pshm node 3 of 8, process 46 of 96, pid=22003)
UPCR: UPC thread 34 of 96 on nid00222 (pshm node 2 of 8, process 34 of 96, pid=22144)
UPCR: UPC thread 59 of 96 on nid00224 (pshm node 4 of 8, process 59 of 96, pid=3932)
UPCR: UPC thread 23 of 96 on nid00221 (pshm node 1 of 8, process 23 of 96, pid=46468)
UPCR: UPC thread 91 of 96 on nid00227 (pshm node 7 of 8, process 91 of 96, pid=32392)
UPCR: UPC thread 70 of 96 on nid00225 (pshm node 5 of 8, process 70 of 96, pid=345)
UPCR: UPC thread 47 of 96 on nid00223 (pshm node 3 of 8, process 47 of 96, pid=22004)
UPCR: UPC thread 35 of 96 on nid00222 (pshm node 2 of 8, process 35 of 96, pid=22145)
UPCR: UPC thread 49 of 96 on nid00224 (pshm node 4 of 8, process 49 of 96, pid=3922)
UPCR: UPC thread 93 of 96 on nid00227 (pshm node 7 of 8, process 93 of 96, pid=32394)
UPCR: UPC thread 71 of 96 on nid00225 (pshm node 5 of 8, process 71 of 96, pid=346)
UPCR: UPC thread 73 of 96 on nid00226 (pshm node 6 of 8, process 73 of 96, pid=12330)
UPCR: UPC thread 74 of 96 on nid00226 (pshm node 6 of 8, process 74 of 96, pid=12331)
UPCR: UPC thread 75 of 96 on nid00226 (pshm node 6 of 8, process 75 of 96, pid=12332)
UPCR: UPC thread 76 of 96 on nid00226 (pshm node 6 of 8, process 76 of 96, pid=12333)
UPCR: UPC thread 78 of 96 on nid00226 (pshm node 6 of 8, process 78 of 96, pid=12335)
UPCR: UPC thread 79 of 96 on nid00226 (pshm node 6 of 8, process 79 of 96, pid=12336)
UPCR: UPC thread 80 of 96 on nid00226 (pshm node 6 of 8, process 80 of 96, pid=12337)
UPCR: UPC thread 81 of 96 on nid00226 (pshm node 6 of 8, process 81 of 96, pid=12338)
UPCR: UPC thread 82 of 96 on nid00226 (pshm node 6 of 8, process 82 of 96, pid=12339)
UPCR: UPC thread 83 of 96 on nid00226 (pshm node 6 of 8, process 83 of 96, pid=12340)
UPCR: UPC thread 77 of 96 on nid00226 (pshm node 6 of 8, process 77 of 96, pid=12334)
Loading kmlist
Loading kmlist
Loading kmlist
Loading kmlist
Loading kmlist
Loading kmlist
Loading kmlist
Loading kmlist
Loading kmlist
Loading kmlist
Loading kmlist
Loading kmlist
Loading kmlist
Loading kmlist
Loading kmlist
Loading kmlist
Loading kmlist
Loading kmlist
Loading kmlist
Loading kmlist
Loading kmlist
Loading kmlist
Loading kmlist
Loading kmlist
Loading kmlist
Loading kmlist
Loading kmlist
Loading kmlist
Loading kmlist
Loading kmlist
Loading kmlist
Loading kmlist
Loading kmlist
Loading kmlist
Loading kmlist
Loading kmlist
Loading kmlist
Loading kmlist
Loading kmlist
Loading kmlist
Loading kmlist
Loading kmlist
Loading kmlist
Loading kmlist
Loading kmlist
Loading kmlist
Loading kmlist
Loading kmlist
Loading kmlist
Loading kmlist
Loading kmlist
Loading kmlist
Loading kmlist
Loading kmlist
Loading kmlist
Loading kmlist
Loading kmlist
Loading kmlist
Loading kmlist
Loading kmlist
Loading kmlist
Loading kmlist
Loading kmlist
Loading kmlist
Loading kmlist
Loading kmlist
Loading kmlist
Loading kmlist
Loading kmlist
Loading kmlist
Loading kmlist
Loading kmlist
Loading kmlist
Loading kmlist
Loading kmlist
Loading kmlist
Loading kmlist
Loading kmlist
Loading kmlist
Loading kmlist
Loading kmlist
Loading kmlist
Loading kmlist
Line length: 55
Kmer count:  27000544
Kmer length: 51
Initializing hash table
Reading file
Loading kmlist
Generating contigs...
Contigs generated: 210550
/global/u1/r/rbarnes/cs267/hw3/src/./pgen: Input set: /scratch2/scratchdirs/rbarnes/data/largeinput
Number of UPC threads: 96
Input reading time: 1.847518 seconds
Graph traversal time: 5.053470 seconds
Kmlist offload: 2.551564 seconds
Total time: 9.452846s
Loading kmlist
Loading kmlist
Loading kmlist
Loading kmlist
Loading kmlist
Loading kmlist
Loading kmlist
Loading kmlist
Loading kmlist
Loading kmlist
Loading kmlist
Loading kmlist
UPCR: UPC thread   0 of 120 on nid00220 (pshm node 0 of 8, process   0 of 120, pid=44957)
UPCR: UPC thread   1 of 120 on nid00220 (pshm node 0 of 8, process   1 of 120, pid=44958)
UPCR: UPC thread 105 of 120 on nid00227 (pshm node 7 of 8, process 105 of 120, pid=32499)
UPCR: UPC thread  30 of 120 on nid00222 (pshm node 2 of 8, process  30 of 120, pid=22302)
UPCR: UPC thread  17 of 120 on nid00221 (pshm node 1 of 8, process  17 of 120, pid=46624)
UPCR: UPC thread  45 of 120 on nid00223 (pshm node 3 of 8, process  45 of 120, pid=22147)
UPCR: UPC thread  75 of 120 on nid00225 (pshm node 5 of 8, process  75 of 120, pid=453)
UPCR: UPC thread  60 of 120 on nid00224 (pshm node 4 of 8, process  60 of 120, pid=4128)
UPCR: UPC thread   5 of 120 on nid00220 (pshm node 0 of 8, process   5 of 120, pid=44962)
UPCR: UPC thread 111 of 120 on nid00227 (pshm node 7 of 8, process 111 of 120, pid=32505)
UPCR: UPC thread  31 of 120 on nid00222 (pshm node 2 of 8, process  31 of 120, pid=22303)
UPCR: UPC thread  23 of 120 on nid00221 (pshm node 1 of 8, process  23 of 120, pid=46630)
UPCR: UPC thread  47 of 120 on nid00223 (pshm node 3 of 8, process  47 of 120, pid=22149)
UPCR: UPC thread  77 of 120 on nid00225 (pshm node 5 of 8, process  77 of 120, pid=455)
UPCR: UPC thread  90 of 120 on nid00226 (pshm node 6 of 8, process  90 of 120, pid=12453)
UPCR: UPC thread   6 of 120 on nid00220 (pshm node 0 of 8, process   6 of 120, pid=44963)
UPCR: UPC thread 118 of 120 on nid00227 (pshm node 7 of 8, process 118 of 120, pid=32512)
UPCR: UPC thread  32 of 120 on nid00222 (pshm node 2 of 8, process  32 of 120, pid=22304)
UPCR: UPC thread  25 of 120 on nid00221 (pshm node 1 of 8, process  25 of 120, pid=46632)
UPCR: UPC thread  51 of 120 on nid00223 (pshm node 3 of 8, process  51 of 120, pid=22153)
UPCR: UPC thread  78 of 120 on nid00225 (pshm node 5 of 8, process  78 of 120, pid=456)
UPCR: UPC thread   7 of 120 on nid00220 (pshm node 0 of 8, process   7 of 120, pid=44964)
UPCR: UPC thread 106 of 120 on nid00227 (pshm node 7 of 8, process 106 of 120, pid=32500)
UPCR: UPC thread  34 of 120 on nid00222 (pshm node 2 of 8, process  34 of 120, pid=22306)
UPCR: UPC thread  27 of 120 on nid00221 (pshm node 1 of 8, process  27 of 120, pid=46634)
UPCR: UPC thread  54 of 120 on nid00223 (pshm node 3 of 8, process  54 of 120, pid=22156)
UPCR: UPC thread  79 of 120 on nid00225 (pshm node 5 of 8, process  79 of 120, pid=457)
UPCR: UPC thread   8 of 120 on nid00220 (pshm node 0 of 8, process   8 of 120, pid=44965)
UPCR: UPC thread 107 of 120 on nid00227 (pshm node 7 of 8, process 107 of 120, pid=32501)
UPCR: UPC thread  38 of 120 on nid00222 (pshm node 2 of 8, process  38 of 120, pid=22310)
UPCR: UPC thread  29 of 120 on nid00221 (pshm node 1 of 8, process  29 of 120, pid=46636)
UPCR: UPC thread  59 of 120 on nid00223 (pshm node 3 of 8, process  59 of 120, pid=22161)
UPCR: UPC thread  80 of 120 on nid00225 (pshm node 5 of 8, process  80 of 120, pid=458)
UPCR: UPC thread   9 of 120 on nid00220 (pshm node 0 of 8, process   9 of 120, pid=44966)
UPCR: UPC thread 108 of 120 on nid00227 (pshm node 7 of 8, process 108 of 120, pid=32502)
UPCR: UPC thread  39 of 120 on nid00222 (pshm node 2 of 8, process  39 of 120, pid=22311)
UPCR: UPC thread  15 of 120 on nid00221 (pshm node 1 of 8, process  15 of 120, pid=46622)
UPCR: UPC thread  46 of 120 on nid00223 (pshm node 3 of 8, process  46 of 120, pid=22148)
UPCR: UPC thread  83 of 120 on nid00225 (pshm node 5 of 8, process  83 of 120, pid=461)
UPCR: UPC thread  10 of 120 on nid00220 (pshm node 0 of 8, process  10 of 120, pid=44967)
UPCR: UPC thread 109 of 120 on nid00227 (pshm node 7 of 8, process 109 of 120, pid=32503)
UPCR: UPC thread  40 of 120 on nid00222 (pshm node 2 of 8, process  40 of 120, pid=22312)
UPCR: UPC thread  16 of 120 on nid00221 (pshm node 1 of 8, process  16 of 120, pid=46623)
UPCR: UPC thread  48 of 120 on nid00223 (pshm node 3 of 8, process  48 of 120, pid=22150)
UPCR: UPC thread  84 of 120 on nid00225 (pshm node 5 of 8, process  84 of 120, pid=462)
UPCR: UPC thread  11 of 120 on nid00220 (pshm node 0 of 8, process  11 of 120, pid=44968)
UPCR: UPC thread 110 of 120 on nid00227 (pshm node 7 of 8, process 110 of 120, pid=32504)
UPCR: UPC thread  42 of 120 on nid00222 (pshm node 2 of 8, process  42 of 120, pid=22314)
UPCR: UPC thread  18 of 120 on nid00221 (pshm node 1 of 8, process  18 of 120, pid=46625)
UPCR: UPC thread  49 of 120 on nid00223 (pshm node 3 of 8, process  49 of 120, pid=22151)
UPCR: UPC thread  85 of 120 on nid00225 (pshm node 5 of 8, process  85 of 120, pid=463)
UPCR: UPC thread  13 of 120 on nid00220 (pshm node 0 of 8, process  13 of 120, pid=44970)
UPCR: UPC thread 112 of 120 on nid00227 (pshm node 7 of 8, process 112 of 120, pid=32506)
UPCR: UPC thread  33 of 120 on nid00222 (pshm node 2 of 8, process  33 of 120, pid=22305)
UPCR: UPC thread  19 of 120 on nid00221 (pshm node 1 of 8, process  19 of 120, pid=46626)
UPCR: UPC thread  50 of 120 on nid00223 (pshm node 3 of 8, process  50 of 120, pid=22152)
UPCR: UPC thread  86 of 120 on nid00225 (pshm node 5 of 8, process  86 of 120, pid=464)
UPCR: UPC thread  14 of 120 on nid00220 (pshm node 0 of 8, process  14 of 120, pid=44971)
UPCR: UPC thread 113 of 120 on nid00227 (pshm node 7 of 8, process 113 of 120, pid=32507)
UPCR: UPC thread  20 of 120 on nid00221 (pshm node 1 of 8, process  20 of 120, pid=46627)
UPCR: UPC thread  87 of 120 on nid00225 (pshm node 5 of 8, process  87 of 120, pid=465)
UPCR: UPC thread   2 of 120 on nid00220 (pshm node 0 of 8, process   2 of 120, pid=44959)
UPCR: UPC thread 114 of 120 on nid00227 (pshm node 7 of 8, process 114 of 120, pid=32508)
UPCR: UPC thread  35 of 120 on nid00222 (pshm node 2 of 8, process  35 of 120, pid=22307)
UPCR: UPC thread  52 of 120 on nid00223 (pshm node 3 of 8, process  52 of 120, pid=22154)
UPCR: UPC thread  89 of 120 on nid00225 (pshm node 5 of 8, process  89 of 120, pid=467)
UPCR: UPC thread   3 of 120 on nid00220 (pshm node 0 of 8, process   3 of 120, pid=44960)
UPCR: UPC thread 115 of 120 on nid00227 (pshm node 7 of 8, process 115 of 120, pid=32509)
UPCR: UPC thread  36 of 120 on nid00222 (pshm node 2 of 8, process  36 of 120, pid=22308)
UPCR: UPC thread  21 of 120 on nid00221 (pshm node 1 of 8, process  21 of 120, pid=46628)
UPCR: UPC thread  53 of 120 on nid00223 (pshm node 3 of 8, process  53 of 120, pid=22155)
UPCR: UPC thread   4 of 120 on nid00220 (pshm node 0 of 8, process   4 of 120, pid=44961)
UPCR: UPC thread 116 of 120 on nid00227 (pshm node 7 of 8, process 116 of 120, pid=32510)
UPCR: UPC thread  37 of 120 on nid00222 (pshm node 2 of 8, process  37 of 120, pid=22309)
UPCR: UPC thread  22 of 120 on nid00221 (pshm node 1 of 8, process  22 of 120, pid=46629)
UPCR: UPC thread  55 of 120 on nid00223 (pshm node 3 of 8, process  55 of 120, pid=22157)
UPCR: UPC thread  76 of 120 on nid00225 (pshm node 5 of 8, process  76 of 120, pid=454)
UPCR: UPC thread  12 of 120 on nid00220 (pshm node 0 of 8, process  12 of 120, pid=44969)
UPCR: UPC thread 117 of 120 on nid00227 (pshm node 7 of 8, process 117 of 120, pid=32511)
UPCR: UPC thread  41 of 120 on nid00222 (pshm node 2 of 8, process  41 of 120, pid=22313)
UPCR: UPC thread  24 of 120 on nid00221 (pshm node 1 of 8, process  24 of 120, pid=46631)
UPCR: UPC thread  56 of 120 on nid00223 (pshm node 3 of 8, process  56 of 120, pid=22158)
UPCR: UPC thread  81 of 120 on nid00225 (pshm node 5 of 8, process  81 of 120, pid=459)
UPCR: UPC thread 119 of 120 on nid00227 (pshm node 7 of 8, process 119 of 120, pid=32513)
UPCR: UPC thread  43 of 120 on nid00222 (pshm node 2 of 8, process  43 of 120, pid=22315)
UPCR: UPC thread  26 of 120 on nid00221 (pshm node 1 of 8, process  26 of 120, pid=46633)
UPCR: UPC thread  57 of 120 on nid00223 (pshm node 3 of 8, process  57 of 120, pid=22159)
UPCR: UPC thread  82 of 120 on nid00225 (pshm node 5 of 8, process  82 of 120, pid=460)
UPCR: UPC thread  44 of 120 on nid00222 (pshm node 2 of 8, process  44 of 120, pid=22316)
UPCR: UPC thread  28 of 120 on nid00221 (pshm node 1 of 8, process  28 of 120, pid=46635)
UPCR: UPC thread  58 of 120 on nid00223 (pshm node 3 of 8, process  58 of 120, pid=22160)
UPCR: UPC thread  88 of 120 on nid00225 (pshm node 5 of 8, process  88 of 120, pid=466)
UPCR: UPC thread  62 of 120 on nid00224 (pshm node 4 of 8, process  62 of 120, pid=4130)
UPCR: UPC thread  66 of 120 on nid00224 (pshm node 4 of 8, process  66 of 120, pid=4135)
UPCR: UPC thread  91 of 120 on nid00226 (pshm node 6 of 8, process  91 of 120, pid=12454)
UPCR: UPC thread  72 of 120 on nid00224 (pshm node 4 of 8, process  72 of 120, pid=4141)
UPCR: UPC thread  92 of 120 on nid00226 (pshm node 6 of 8, process  92 of 120, pid=12455)
UPCR: UPC thread  61 of 120 on nid00224 (pshm node 4 of 8, process  61 of 120, pid=4129)
UPCR: UPC thread  93 of 120 on nid00226 (pshm node 6 of 8, process  93 of 120, pid=12456)
UPCR: UPC thread  63 of 120 on nid00224 (pshm node 4 of 8, process  63 of 120, pid=4131)
UPCR: UPC thread  94 of 120 on nid00226 (pshm node 6 of 8, process  94 of 120, pid=12457)
UPCR: UPC thread  64 of 120 on nid00224 (pshm node 4 of 8, process  64 of 120, pid=4132)
UPCR: UPC thread  95 of 120 on nid00226 (pshm node 6 of 8, process  95 of 120, pid=12458)
UPCR: UPC thread  65 of 120 on nid00224 (pshm node 4 of 8, process  65 of 120, pid=4133)
UPCR: UPC thread  96 of 120 on nid00226 (pshm node 6 of 8, process  96 of 120, pid=12459)
UPCR: UPC thread  67 of 120 on nid00224 (pshm node 4 of 8, process  67 of 120, pid=4136)
UPCR: UPC thread  97 of 120 on nid00226 (pshm node 6 of 8, process  97 of 120, pid=12460)
UPCR: UPC thread  68 of 120 on nid00224 (pshm node 4 of 8, process  68 of 120, pid=4137)
UPCR: UPC thread  99 of 120 on nid00226 (pshm node 6 of 8, process  99 of 120, pid=12462)
UPCR: UPC thread  69 of 120 on nid00224 (pshm node 4 of 8, process  69 of 120, pid=4138)
UPCR: UPC thread 100 of 120 on nid00226 (pshm node 6 of 8, process 100 of 120, pid=12463)
UPCR: UPC thread  70 of 120 on nid00224 (pshm node 4 of 8, process  70 of 120, pid=4139)
UPCR: UPC thread 101 of 120 on nid00226 (pshm node 6 of 8, process 101 of 120, pid=12464)
UPCR: UPC thread  71 of 120 on nid00224 (pshm node 4 of 8, process  71 of 120, pid=4140)
UPCR: UPC thread 102 of 120 on nid00226 (pshm node 6 of 8, process 102 of 120, pid=12465)
UPCR: UPC thread  73 of 120 on nid00224 (pshm node 4 of 8, process  73 of 120, pid=4142)
UPCR: UPC thread 104 of 120 on nid00226 (pshm node 6 of 8, process 104 of 120, pid=12467)
UPCR: UPC thread  74 of 120 on nid00224 (pshm node 4 of 8, process  74 of 120, pid=4143)
UPCR: UPC thread  98 of 120 on nid00226 (pshm node 6 of 8, process  98 of 120, pid=12461)
UPCR: UPC thread 103 of 120 on nid00226 (pshm node 6 of 8, process 103 of 120, pid=12466)
Loading kmlist
Loading kmlist
Loading kmlist
Loading kmlist
Loading kmlist
Loading kmlist
Loading kmlist
Loading kmlist
Loading kmlist
Loading kmlist
Loading kmlist
Loading kmlist
Loading kmlist
Loading kmlist
Loading kmlist
Loading kmlist
Loading kmlist
Loading kmlist
Loading kmlist
Loading kmlist
Loading kmlist
Loading kmlist
Loading kmlist
Loading kmlist
Loading kmlist
Loading kmlist
Loading kmlist
Loading kmlist
Loading kmlist
Loading kmlist
Loading kmlist
Loading kmlist
Loading kmlist
Loading kmlist
Loading kmlist
Loading kmlist
Loading kmlist
Loading kmlist
Loading kmlist
Loading kmlist
Loading kmlist
Loading kmlist
Loading kmlist
Loading kmlist
Loading kmlist
Loading kmlist
Loading kmlist
Loading kmlist
Loading kmlist
Loading kmlist
Loading kmlist
Loading kmlist
Loading kmlist
Loading kmlist
Loading kmlist
Loading kmlist
Loading kmlist
Loading kmlist
Loading kmlist
Loading kmlist
Loading kmlist
Loading kmlist
Loading kmlist
Loading kmlist
Loading kmlist
Loading kmlist
Loading kmlist
Loading kmlist
Loading kmlist
Loading kmlist
Loading kmlist
Loading kmlist
Loading kmlist
Loading kmlist
Loading kmlist
Loading kmlist
Loading kmlist
Loading kmlist
Loading kmlist
Loading kmlist
Loading kmlist
Loading kmlist
Loading kmlist
Loading kmlist
Loading kmlist
Loading kmlist
Loading kmlist
Loading kmlist
Loading kmlist
Loading kmlist
Loading kmlist
Loading kmlist
Loading kmlist
Loading kmlist
Loading kmlist
Loading kmlist
Loading kmlist
Loading kmlist
Loading kmlist
Loading kmlist
Loading kmlist
Loading kmlist
Loading kmlist
Loading kmlist
Loading kmlist
Loading kmlist
Loading kmlist
Loading kmlist
Loading kmlist
Loading kmlist
Loading kmlist
Line length: 55
Kmer count:  27000544
Kmer length: 51
Initializing hash table
Reading file
Loading kmlist
Generating contigs...
Contigs generated: 210550
/global/u1/r/rbarnes/cs267/hw3/src/./pgen: Input set: /scratch2/scratchdirs/rbarnes/data/largeinput
Number of UPC threads: 120
Input reading time: 1.736412 seconds
Graph traversal time: 4.416904 seconds
Kmlist offload: 2.246635 seconds
Total time: 8.400235s
Loading kmlist
Loading kmlist
Loading kmlist
Loading kmlist
Loading kmlist
Loading kmlist
Loading kmlist
Loading kmlist
UPCR: UPC thread   0 of 144 on nid00220 (pshm node 0 of 8, process   0 of 144, pid=45143)
UPCR: UPC thread   2 of 144 on nid00220 (pshm node 0 of 8, process   2 of 144, pid=45145)
UPCR: UPC thread  72 of 144 on nid00224 (pshm node 4 of 8, process  72 of 144, pid=4304)
UPCR: UPC thread  90 of 144 on nid00225 (pshm node 5 of 8, process  90 of 144, pid=619)
UPCR: UPC thread  36 of 144 on nid00222 (pshm node 2 of 8, process  36 of 144, pid=22438)
UPCR: UPC thread 126 of 144 on nid00227 (pshm node 7 of 8, process 126 of 144, pid=32637)
UPCR: UPC thread  54 of 144 on nid00223 (pshm node 3 of 8, process  54 of 144, pid=22275)
UPCR: UPC thread 111 of 144 on nid00226 (pshm node 6 of 8, process 111 of 144, pid=12726)
UPCR: UPC thread  18 of 144 on nid00221 (pshm node 1 of 8, process  18 of 144, pid=46838)
UPCR: UPC thread   5 of 144 on nid00220 (pshm node 0 of 8, process   5 of 144, pid=45148)
UPCR: UPC thread  76 of 144 on nid00224 (pshm node 4 of 8, process  76 of 144, pid=4308)
UPCR: UPC thread  94 of 144 on nid00225 (pshm node 5 of 8, process  94 of 144, pid=623)
UPCR: UPC thread  38 of 144 on nid00222 (pshm node 2 of 8, process  38 of 144, pid=22440)
UPCR: UPC thread 134 of 144 on nid00227 (pshm node 7 of 8, process 134 of 144, pid=32645)
UPCR: UPC thread  59 of 144 on nid00223 (pshm node 3 of 8, process  59 of 144, pid=22280)
UPCR: UPC thread  11 of 144 on nid00220 (pshm node 0 of 8, process  11 of 144, pid=45160)
UPCR: UPC thread  77 of 144 on nid00224 (pshm node 4 of 8, process  77 of 144, pid=4309)
UPCR: UPC thread  95 of 144 on nid00225 (pshm node 5 of 8, process  95 of 144, pid=624)
UPCR: UPC thread  46 of 144 on nid00222 (pshm node 2 of 8, process  46 of 144, pid=22448)
UPCR: UPC thread 137 of 144 on nid00227 (pshm node 7 of 8, process 137 of 144, pid=32648)
UPCR: UPC thread  65 of 144 on nid00223 (pshm node 3 of 8, process  65 of 144, pid=22286)
UPCR: UPC thread  15 of 144 on nid00220 (pshm node 0 of 8, process  15 of 144, pid=45167)
UPCR: UPC thread  78 of 144 on nid00224 (pshm node 4 of 8, process  78 of 144, pid=4310)
UPCR: UPC thread  96 of 144 on nid00225 (pshm node 5 of 8, process  96 of 144, pid=625)
UPCR: UPC thread  48 of 144 on nid00222 (pshm node 2 of 8, process  48 of 144, pid=22450)
UPCR: UPC thread 138 of 144 on nid00227 (pshm node 7 of 8, process 138 of 144, pid=32649)
UPCR: UPC thread  66 of 144 on nid00223 (pshm node 3 of 8, process  66 of 144, pid=22287)
UPCR: UPC thread  17 of 144 on nid00220 (pshm node 0 of 8, process  17 of 144, pid=45170)
UPCR: UPC thread  82 of 144 on nid00224 (pshm node 4 of 8, process  82 of 144, pid=4314)
UPCR: UPC thread  97 of 144 on nid00225 (pshm node 5 of 8, process  97 of 144, pid=626)
UPCR: UPC thread  51 of 144 on nid00222 (pshm node 2 of 8, process  51 of 144, pid=22453)
UPCR: UPC thread 139 of 144 on nid00227 (pshm node 7 of 8, process 139 of 144, pid=32650)
UPCR: UPC thread  67 of 144 on nid00223 (pshm node 3 of 8, process  67 of 144, pid=22288)
UPCR: UPC thread   1 of 144 on nid00220 (pshm node 0 of 8, process   1 of 144, pid=45144)
UPCR: UPC thread  73 of 144 on nid00224 (pshm node 4 of 8, process  73 of 144, pid=4305)
UPCR: UPC thread  98 of 144 on nid00225 (pshm node 5 of 8, process  98 of 144, pid=627)
UPCR: UPC thread  52 of 144 on nid00222 (pshm node 2 of 8, process  52 of 144, pid=22454)
UPCR: UPC thread 141 of 144 on nid00227 (pshm node 7 of 8, process 141 of 144, pid=32652)
UPCR: UPC thread  69 of 144 on nid00223 (pshm node 3 of 8, process  69 of 144, pid=22290)
UPCR: UPC thread   3 of 144 on nid00220 (pshm node 0 of 8, process   3 of 144, pid=45146)
UPCR: UPC thread  74 of 144 on nid00224 (pshm node 4 of 8, process  74 of 144, pid=4306)
UPCR: UPC thread  99 of 144 on nid00225 (pshm node 5 of 8, process  99 of 144, pid=628)
UPCR: UPC thread  53 of 144 on nid00222 (pshm node 2 of 8, process  53 of 144, pid=22455)
UPCR: UPC thread 143 of 144 on nid00227 (pshm node 7 of 8, process 143 of 144, pid=32654)
UPCR: UPC thread  55 of 144 on nid00223 (pshm node 3 of 8, process  55 of 144, pid=22276)
UPCR: UPC thread   4 of 144 on nid00220 (pshm node 0 of 8, process   4 of 144, pid=45147)
UPCR: UPC thread  75 of 144 on nid00224 (pshm node 4 of 8, process  75 of 144, pid=4307)
UPCR: UPC thread 101 of 144 on nid00225 (pshm node 5 of 8, process 101 of 144, pid=630)
UPCR: UPC thread  37 of 144 on nid00222 (pshm node 2 of 8, process  37 of 144, pid=22439)
UPCR: UPC thread 127 of 144 on nid00227 (pshm node 7 of 8, process 127 of 144, pid=32638)
UPCR: UPC thread  56 of 144 on nid00223 (pshm node 3 of 8, process  56 of 144, pid=22277)
UPCR: UPC thread   6 of 144 on nid00220 (pshm node 0 of 8, process   6 of 144, pid=45150)
UPCR: UPC thread  79 of 144 on nid00224 (pshm node 4 of 8, process  79 of 144, pid=4311)
UPCR: UPC thread 102 of 144 on nid00225 (pshm node 5 of 8, process 102 of 144, pid=631)
UPCR: UPC thread  39 of 144 on nid00222 (pshm node 2 of 8, process  39 of 144, pid=22441)
UPCR: UPC thread 128 of 144 on nid00227 (pshm node 7 of 8, process 128 of 144, pid=32639)
UPCR: UPC thread  57 of 144 on nid00223 (pshm node 3 of 8, process  57 of 144, pid=22278)
UPCR: UPC thread   7 of 144 on nid00220 (pshm node 0 of 8, process   7 of 144, pid=45152)
UPCR: UPC thread  80 of 144 on nid00224 (pshm node 4 of 8, process  80 of 144, pid=4312)
UPCR: UPC thread 103 of 144 on nid00225 (pshm node 5 of 8, process 103 of 144, pid=632)
UPCR: UPC thread  40 of 144 on nid00222 (pshm node 2 of 8, process  40 of 144, pid=22442)
UPCR: UPC thread  58 of 144 on nid00223 (pshm node 3 of 8, process  58 of 144, pid=22279)
UPCR: UPC thread   8 of 144 on nid00220 (pshm node 0 of 8, process   8 of 144, pid=45154)
UPCR: UPC thread  81 of 144 on nid00224 (pshm node 4 of 8, process  81 of 144, pid=4313)
UPCR: UPC thread 104 of 144 on nid00225 (pshm node 5 of 8, process 104 of 144, pid=633)
UPCR: UPC thread  41 of 144 on nid00222 (pshm node 2 of 8, process  41 of 144, pid=22443)
UPCR: UPC thread 129 of 144 on nid00227 (pshm node 7 of 8, process 129 of 144, pid=32640)
UPCR: UPC thread   9 of 144 on nid00220 (pshm node 0 of 8, process   9 of 144, pid=45157)
UPCR: UPC thread  83 of 144 on nid00224 (pshm node 4 of 8, process  83 of 144, pid=4315)
UPCR: UPC thread  42 of 144 on nid00222 (pshm node 2 of 8, process  42 of 144, pid=22444)
UPCR: UPC thread 130 of 144 on nid00227 (pshm node 7 of 8, process 130 of 144, pid=32641)
UPCR: UPC thread  60 of 144 on nid00223 (pshm node 3 of 8, process  60 of 144, pid=22281)
UPCR: UPC thread  10 of 144 on nid00220 (pshm node 0 of 8, process  10 of 144, pid=45159)
UPCR: UPC thread 105 of 144 on nid00225 (pshm node 5 of 8, process 105 of 144, pid=634)
UPCR: UPC thread  43 of 144 on nid00222 (pshm node 2 of 8, process  43 of 144, pid=22445)
UPCR: UPC thread 131 of 144 on nid00227 (pshm node 7 of 8, process 131 of 144, pid=32642)
UPCR: UPC thread  61 of 144 on nid00223 (pshm node 3 of 8, process  61 of 144, pid=22282)
UPCR: UPC thread  12 of 144 on nid00220 (pshm node 0 of 8, process  12 of 144, pid=45162)
UPCR: UPC thread  84 of 144 on nid00224 (pshm node 4 of 8, process  84 of 144, pid=4316)
UPCR: UPC thread 106 of 144 on nid00225 (pshm node 5 of 8, process 106 of 144, pid=635)
UPCR: UPC thread  44 of 144 on nid00222 (pshm node 2 of 8, process  44 of 144, pid=22446)
UPCR: UPC thread 132 of 144 on nid00227 (pshm node 7 of 8, process 132 of 144, pid=32643)
UPCR: UPC thread  62 of 144 on nid00223 (pshm node 3 of 8, process  62 of 144, pid=22283)
UPCR: UPC thread  13 of 144 on nid00220 (pshm node 0 of 8, process  13 of 144, pid=45163)
UPCR: UPC thread  85 of 144 on nid00224 (pshm node 4 of 8, process  85 of 144, pid=4317)
UPCR: UPC thread 107 of 144 on nid00225 (pshm node 5 of 8, process 107 of 144, pid=636)
UPCR: UPC thread  45 of 144 on nid00222 (pshm node 2 of 8, process  45 of 144, pid=22447)
UPCR: UPC thread 133 of 144 on nid00227 (pshm node 7 of 8, process 133 of 144, pid=32644)
UPCR: UPC thread  63 of 144 on nid00223 (pshm node 3 of 8, process  63 of 144, pid=22284)
UPCR: UPC thread  14 of 144 on nid00220 (pshm node 0 of 8, process  14 of 144, pid=45165)
UPCR: UPC thread  86 of 144 on nid00224 (pshm node 4 of 8, process  86 of 144, pid=4318)
UPCR: UPC thread  91 of 144 on nid00225 (pshm node 5 of 8, process  91 of 144, pid=620)
UPCR: UPC thread  47 of 144 on nid00222 (pshm node 2 of 8, process  47 of 144, pid=22449)
UPCR: UPC thread 135 of 144 on nid00227 (pshm node 7 of 8, process 135 of 144, pid=32646)
UPCR: UPC thread  64 of 144 on nid00223 (pshm node 3 of 8, process  64 of 144, pid=22285)
UPCR: UPC thread  16 of 144 on nid00220 (pshm node 0 of 8, process  16 of 144, pid=45168)
UPCR: UPC thread  87 of 144 on nid00224 (pshm node 4 of 8, process  87 of 144, pid=4319)
UPCR: UPC thread  92 of 144 on nid00225 (pshm node 5 of 8, process  92 of 144, pid=621)
UPCR: UPC thread  49 of 144 on nid00222 (pshm node 2 of 8, process  49 of 144, pid=22451)
UPCR: UPC thread 136 of 144 on nid00227 (pshm node 7 of 8, process 136 of 144, pid=32647)
UPCR: UPC thread  68 of 144 on nid00223 (pshm node 3 of 8, process  68 of 144, pid=22289)
UPCR: UPC thread  88 of 144 on nid00224 (pshm node 4 of 8, process  88 of 144, pid=4320)
UPCR: UPC thread  93 of 144 on nid00225 (pshm node 5 of 8, process  93 of 144, pid=622)
UPCR: UPC thread  50 of 144 on nid00222 (pshm node 2 of 8, process  50 of 144, pid=22452)
UPCR: UPC thread 140 of 144 on nid00227 (pshm node 7 of 8, process 140 of 144, pid=32651)
UPCR: UPC thread  70 of 144 on nid00223 (pshm node 3 of 8, process  70 of 144, pid=22291)
UPCR: UPC thread  89 of 144 on nid00224 (pshm node 4 of 8, process  89 of 144, pid=4321)
UPCR: UPC thread 100 of 144 on nid00225 (pshm node 5 of 8, process 100 of 144, pid=629)
UPCR: UPC thread 142 of 144 on nid00227 (pshm node 7 of 8, process 142 of 144, pid=32653)
UPCR: UPC thread  71 of 144 on nid00223 (pshm node 3 of 8, process  71 of 144, pid=22292)
UPCR: UPC thread 113 of 144 on nid00226 (pshm node 6 of 8, process 113 of 144, pid=12728)
UPCR: UPC thread  19 of 144 on nid00221 (pshm node 1 of 8, process  19 of 144, pid=46839)
UPCR: UPC thread 116 of 144 on nid00226 (pshm node 6 of 8, process 116 of 144, pid=12731)
UPCR: UPC thread  20 of 144 on nid00221 (pshm node 1 of 8, process  20 of 144, pid=46840)
UPCR: UPC thread 121 of 144 on nid00226 (pshm node 6 of 8, process 121 of 144, pid=12736)
UPCR: UPC thread  21 of 144 on nid00221 (pshm node 1 of 8, process  21 of 144, pid=46841)
UPCR: UPC thread 122 of 144 on nid00226 (pshm node 6 of 8, process 122 of 144, pid=12737)
UPCR: UPC thread  26 of 144 on nid00221 (pshm node 1 of 8, process  26 of 144, pid=46846)
UPCR: UPC thread 125 of 144 on nid00226 (pshm node 6 of 8, process 125 of 144, pid=12740)
UPCR: UPC thread  28 of 144 on nid00221 (pshm node 1 of 8, process  28 of 144, pid=46848)
UPCR: UPC thread 108 of 144 on nid00226 (pshm node 6 of 8, process 108 of 144, pid=12723)
UPCR: UPC thread  29 of 144 on nid00221 (pshm node 1 of 8, process  29 of 144, pid=46849)
UPCR: UPC thread 109 of 144 on nid00226 (pshm node 6 of 8, process 109 of 144, pid=12724)
UPCR: UPC thread  31 of 144 on nid00221 (pshm node 1 of 8, process  31 of 144, pid=46851)
UPCR: UPC thread 110 of 144 on nid00226 (pshm node 6 of 8, process 110 of 144, pid=12725)
UPCR: UPC thread  35 of 144 on nid00221 (pshm node 1 of 8, process  35 of 144, pid=46855)
UPCR: UPC thread 112 of 144 on nid00226 (pshm node 6 of 8, process 112 of 144, pid=12727)
UPCR: UPC thread  22 of 144 on nid00221 (pshm node 1 of 8, process  22 of 144, pid=46842)
UPCR: UPC thread 114 of 144 on nid00226 (pshm node 6 of 8, process 114 of 144, pid=12729)
UPCR: UPC thread  23 of 144 on nid00221 (pshm node 1 of 8, process  23 of 144, pid=46843)
UPCR: UPC thread 115 of 144 on nid00226 (pshm node 6 of 8, process 115 of 144, pid=12730)
UPCR: UPC thread  24 of 144 on nid00221 (pshm node 1 of 8, process  24 of 144, pid=46844)
UPCR: UPC thread 117 of 144 on nid00226 (pshm node 6 of 8, process 117 of 144, pid=12732)
UPCR: UPC thread  25 of 144 on nid00221 (pshm node 1 of 8, process  25 of 144, pid=46845)
UPCR: UPC thread 118 of 144 on nid00226 (pshm node 6 of 8, process 118 of 144, pid=12733)
UPCR: UPC thread  27 of 144 on nid00221 (pshm node 1 of 8, process  27 of 144, pid=46847)
UPCR: UPC thread 119 of 144 on nid00226 (pshm node 6 of 8, process 119 of 144, pid=12734)
UPCR: UPC thread  30 of 144 on nid00221 (pshm node 1 of 8, process  30 of 144, pid=46850)
UPCR: UPC thread 120 of 144 on nid00226 (pshm node 6 of 8, process 120 of 144, pid=12735)
UPCR: UPC thread  32 of 144 on nid00221 (pshm node 1 of 8, process  32 of 144, pid=46852)
UPCR: UPC thread 123 of 144 on nid00226 (pshm node 6 of 8, process 123 of 144, pid=12738)
UPCR: UPC thread  33 of 144 on nid00221 (pshm node 1 of 8, process  33 of 144, pid=46853)
UPCR: UPC thread 124 of 144 on nid00226 (pshm node 6 of 8, process 124 of 144, pid=12739)
UPCR: UPC thread  34 of 144 on nid00221 (pshm node 1 of 8, process  34 of 144, pid=46854)
Loading kmlist
Loading kmlist
Loading kmlist
Loading kmlist
Loading kmlist
Loading kmlist
Loading kmlist
Loading kmlist
Loading kmlist
Loading kmlist
Loading kmlist
Loading kmlist
Loading kmlist
Loading kmlist
Loading kmlist
Loading kmlist
Loading kmlist
Loading kmlist
Loading kmlist
Loading kmlist
Loading kmlist
Loading kmlist
Loading kmlist
Loading kmlist
Loading kmlist
Loading kmlist
Loading kmlist
Loading kmlist
Loading kmlist
Loading kmlist
Loading kmlist
Loading kmlist
Loading kmlist
Loading kmlist
Loading kmlist
Loading kmlist
Loading kmlist
Loading kmlist
Loading kmlist
Loading kmlist
Loading kmlist
Loading kmlist
Loading kmlist
Loading kmlist
Loading kmlist
Loading kmlist
Loading kmlist
Loading kmlist
Loading kmlist
Loading kmlist
Loading kmlist
Loading kmlist
Loading kmlist
Loading kmlist
Loading kmlist
Loading kmlist
Loading kmlist
Loading kmlist
Loading kmlist
Loading kmlist
Loading kmlist
Loading kmlist
Loading kmlist
Loading kmlist
Loading kmlist
Loading kmlist
Loading kmlist
Loading kmlist
Loading kmlist
Loading kmlist
Loading kmlist
Loading kmlist
Loading kmlist
Loading kmlist
Loading kmlist
Loading kmlist
Loading kmlist
Loading kmlist
Loading kmlist
Loading kmlist
Loading kmlist
Loading kmlist
Loading kmlist
Loading kmlist
Loading kmlist
Loading kmlist
Loading kmlist
Loading kmlist
Loading kmlist
Loading kmlist
Loading kmlist
Loading kmlist
Loading kmlist
Loading kmlist
Loading kmlist
Loading kmlist
Loading kmlist
Loading kmlist
Loading kmlist
Loading kmlist
Loading kmlist
Loading kmlist
Loading kmlist
Loading kmlist
Loading kmlist
Loading kmlist
Loading kmlist
Loading kmlist
Loading kmlist
Loading kmlist
Loading kmlist
Loading kmlist
Loading kmlist
Loading kmlist
Loading kmlist
Loading kmlist
Loading kmlist
Loading kmlist
Line length: 55
Kmer count:  27000544
Kmer length: 51
Initializing hash table
Reading file
Loading kmlist
Generating contigs...
Contigs generated: 210550
/global/u1/r/rbarnes/cs267/hw3/src/./pgen: Input set: /scratch2/scratchdirs/rbarnes/data/largeinput
Number of UPC threads: 144
Input reading time: 1.595180 seconds
Graph traversal time: 4.538093 seconds
Kmlist offload: 3.246246 seconds
Total time: 9.379821s
Loading kmlist
Loading kmlist
Loading kmlist
Loading kmlist
Loading kmlist
Loading kmlist
Loading kmlist
Loading kmlist
Loading kmlist
Loading kmlist
Loading kmlist
Loading kmlist
Loading kmlist
Loading kmlist
Loading kmlist
Loading kmlist
Loading kmlist
Loading kmlist
Loading kmlist
Loading kmlist
Loading kmlist
Loading kmlist
Loading kmlist
Loading kmlist
Loading kmlist
UPCR: UPC thread   0 of 168 on nid00220 (pshm node 0 of 8, process   0 of 168, pid=45439)
UPCR: UPC thread 107 of 168 on nid00225 (pshm node 5 of 8, process 107 of 168, pid=772)
UPCR: UPC thread  21 of 168 on nid00221 (pshm node 1 of 8, process  21 of 168, pid=47066)
UPCR: UPC thread  67 of 168 on nid00223 (pshm node 3 of 8, process  67 of 168, pid=22423)
UPCR: UPC thread  42 of 168 on nid00222 (pshm node 2 of 8, process  42 of 168, pid=22602)
UPCR: UPC thread 147 of 168 on nid00227 (pshm node 7 of 8, process 147 of 168, pid=32881)
UPCR: UPC thread 126 of 168 on nid00226 (pshm node 6 of 8, process 126 of 168, pid=13015)
UPCR: UPC thread  84 of 168 on nid00224 (pshm node 4 of 8, process  84 of 168, pid=4572)
UPCR: UPC thread   1 of 168 on nid00220 (pshm node 0 of 8, process   1 of 168, pid=45440)
UPCR: UPC thread 118 of 168 on nid00225 (pshm node 5 of 8, process 118 of 168, pid=783)
UPCR: UPC thread  22 of 168 on nid00221 (pshm node 1 of 8, process  22 of 168, pid=47067)
UPCR: UPC thread   2 of 168 on nid00220 (pshm node 0 of 8, process   2 of 168, pid=45441)
UPCR: UPC thread 120 of 168 on nid00225 (pshm node 5 of 8, process 120 of 168, pid=785)
UPCR: UPC thread  38 of 168 on nid00221 (pshm node 1 of 8, process  38 of 168, pid=47083)
UPCR: UPC thread  13 of 168 on nid00220 (pshm node 0 of 8, process  13 of 168, pid=45452)
UPCR: UPC thread 122 of 168 on nid00225 (pshm node 5 of 8, process 122 of 168, pid=787)
UPCR: UPC thread  23 of 168 on nid00221 (pshm node 1 of 8, process  23 of 168, pid=47068)
UPCR: UPC thread  16 of 168 on nid00220 (pshm node 0 of 8, process  16 of 168, pid=45455)
UPCR: UPC thread 124 of 168 on nid00225 (pshm node 5 of 8, process 124 of 168, pid=789)
UPCR: UPC thread  24 of 168 on nid00221 (pshm node 1 of 8, process  24 of 168, pid=47069)
UPCR: UPC thread  17 of 168 on nid00220 (pshm node 0 of 8, process  17 of 168, pid=45456)
UPCR: UPC thread 105 of 168 on nid00225 (pshm node 5 of 8, process 105 of 168, pid=770)
UPCR: UPC thread  25 of 168 on nid00221 (pshm node 1 of 8, process  25 of 168, pid=47070)
UPCR: UPC thread  18 of 168 on nid00220 (pshm node 0 of 8, process  18 of 168, pid=45457)
UPCR: UPC thread   3 of 168 on nid00220 (pshm node 0 of 8, process   3 of 168, pid=45442)
UPCR: UPC thread 106 of 168 on nid00225 (pshm node 5 of 8, process 106 of 168, pid=771)
UPCR: UPC thread  26 of 168 on nid00221 (pshm node 1 of 8, process  26 of 168, pid=47071)
UPCR: UPC thread   4 of 168 on nid00220 (pshm node 0 of 8, process   4 of 168, pid=45443)
UPCR: UPC thread 108 of 168 on nid00225 (pshm node 5 of 8, process 108 of 168, pid=773)
UPCR: UPC thread  27 of 168 on nid00221 (pshm node 1 of 8, process  27 of 168, pid=47072)
UPCR: UPC thread   5 of 168 on nid00220 (pshm node 0 of 8, process   5 of 168, pid=45444)
UPCR: UPC thread 109 of 168 on nid00225 (pshm node 5 of 8, process 109 of 168, pid=774)
UPCR: UPC thread  28 of 168 on nid00221 (pshm node 1 of 8, process  28 of 168, pid=47073)
UPCR: UPC thread   6 of 168 on nid00220 (pshm node 0 of 8, process   6 of 168, pid=45445)
UPCR: UPC thread 110 of 168 on nid00225 (pshm node 5 of 8, process 110 of 168, pid=775)
UPCR: UPC thread  29 of 168 on nid00221 (pshm node 1 of 8, process  29 of 168, pid=47074)
UPCR: UPC thread   7 of 168 on nid00220 (pshm node 0 of 8, process   7 of 168, pid=45446)
UPCR: UPC thread 111 of 168 on nid00225 (pshm node 5 of 8, process 111 of 168, pid=776)
UPCR: UPC thread  30 of 168 on nid00221 (pshm node 1 of 8, process  30 of 168, pid=47075)
UPCR: UPC thread   8 of 168 on nid00220 (pshm node 0 of 8, process   8 of 168, pid=45447)
UPCR: UPC thread 112 of 168 on nid00225 (pshm node 5 of 8, process 112 of 168, pid=777)
UPCR: UPC thread  31 of 168 on nid00221 (pshm node 1 of 8, process  31 of 168, pid=47076)
UPCR: UPC thread   9 of 168 on nid00220 (pshm node 0 of 8, process   9 of 168, pid=45448)
UPCR: UPC thread 113 of 168 on nid00225 (pshm node 5 of 8, process 113 of 168, pid=778)
UPCR: UPC thread  32 of 168 on nid00221 (pshm node 1 of 8, process  32 of 168, pid=47077)
UPCR: UPC thread  10 of 168 on nid00220 (pshm node 0 of 8, process  10 of 168, pid=45449)
UPCR: UPC thread 114 of 168 on nid00225 (pshm node 5 of 8, process 114 of 168, pid=779)
UPCR: UPC thread  33 of 168 on nid00221 (pshm node 1 of 8, process  33 of 168, pid=47078)
UPCR: UPC thread  11 of 168 on nid00220 (pshm node 0 of 8, process  11 of 168, pid=45450)
UPCR: UPC thread 115 of 168 on nid00225 (pshm node 5 of 8, process 115 of 168, pid=780)
UPCR: UPC thread  34 of 168 on nid00221 (pshm node 1 of 8, process  34 of 168, pid=47079)
UPCR: UPC thread  12 of 168 on nid00220 (pshm node 0 of 8, process  12 of 168, pid=45451)
UPCR: UPC thread 116 of 168 on nid00225 (pshm node 5 of 8, process 116 of 168, pid=781)
UPCR: UPC thread  35 of 168 on nid00221 (pshm node 1 of 8, process  35 of 168, pid=47080)
UPCR: UPC thread  14 of 168 on nid00220 (pshm node 0 of 8, process  14 of 168, pid=45453)
UPCR: UPC thread 117 of 168 on nid00225 (pshm node 5 of 8, process 117 of 168, pid=782)
UPCR: UPC thread  36 of 168 on nid00221 (pshm node 1 of 8, process  36 of 168, pid=47081)
UPCR: UPC thread  15 of 168 on nid00220 (pshm node 0 of 8, process  15 of 168, pid=45454)
UPCR: UPC thread 119 of 168 on nid00225 (pshm node 5 of 8, process 119 of 168, pid=784)
UPCR: UPC thread  37 of 168 on nid00221 (pshm node 1 of 8, process  37 of 168, pid=47082)
UPCR: UPC thread  19 of 168 on nid00220 (pshm node 0 of 8, process  19 of 168, pid=45458)
UPCR: UPC thread 121 of 168 on nid00225 (pshm node 5 of 8, process 121 of 168, pid=786)
UPCR: UPC thread  39 of 168 on nid00221 (pshm node 1 of 8, process  39 of 168, pid=47084)
UPCR: UPC thread  20 of 168 on nid00220 (pshm node 0 of 8, process  20 of 168, pid=45459)
UPCR: UPC thread 123 of 168 on nid00225 (pshm node 5 of 8, process 123 of 168, pid=788)
UPCR: UPC thread  40 of 168 on nid00221 (pshm node 1 of 8, process  40 of 168, pid=47085)
UPCR: UPC thread 125 of 168 on nid00225 (pshm node 5 of 8, process 125 of 168, pid=790)
UPCR: UPC thread  41 of 168 on nid00221 (pshm node 1 of 8, process  41 of 168, pid=47086)
UPCR: UPC thread  71 of 168 on nid00223 (pshm node 3 of 8, process  71 of 168, pid=22427)
UPCR: UPC thread  75 of 168 on nid00223 (pshm node 3 of 8, process  75 of 168, pid=22431)
UPCR: UPC thread 129 of 168 on nid00226 (pshm node 6 of 8, process 129 of 168, pid=13018)
UPCR: UPC thread  80 of 168 on nid00223 (pshm node 3 of 8, process  80 of 168, pid=22436)
UPCR: UPC thread  45 of 168 on nid00222 (pshm node 2 of 8, process  45 of 168, pid=22605)
UPCR: UPC thread 148 of 168 on nid00227 (pshm node 7 of 8, process 148 of 168, pid=32882)
UPCR: UPC thread 136 of 168 on nid00226 (pshm node 6 of 8, process 136 of 168, pid=13025)
UPCR: UPC thread  86 of 168 on nid00224 (pshm node 4 of 8, process  86 of 168, pid=4574)
UPCR: UPC thread  81 of 168 on nid00223 (pshm node 3 of 8, process  81 of 168, pid=22437)
UPCR: UPC thread  46 of 168 on nid00222 (pshm node 2 of 8, process  46 of 168, pid=22606)
UPCR: UPC thread 149 of 168 on nid00227 (pshm node 7 of 8, process 149 of 168, pid=32883)
UPCR: UPC thread 139 of 168 on nid00226 (pshm node 6 of 8, process 139 of 168, pid=13028)
UPCR: UPC thread  93 of 168 on nid00224 (pshm node 4 of 8, process  93 of 168, pid=4581)
UPCR: UPC thread  63 of 168 on nid00223 (pshm node 3 of 8, process  63 of 168, pid=22419)
UPCR: UPC thread  47 of 168 on nid00222 (pshm node 2 of 8, process  47 of 168, pid=22607)
UPCR: UPC thread 150 of 168 on nid00227 (pshm node 7 of 8, process 150 of 168, pid=32884)
UPCR: UPC thread 127 of 168 on nid00226 (pshm node 6 of 8, process 127 of 168, pid=13016)
UPCR: UPC thread  94 of 168 on nid00224 (pshm node 4 of 8, process  94 of 168, pid=4582)
UPCR: UPC thread  64 of 168 on nid00223 (pshm node 3 of 8, process  64 of 168, pid=22420)
UPCR: UPC thread  48 of 168 on nid00222 (pshm node 2 of 8, process  48 of 168, pid=22608)
UPCR: UPC thread 151 of 168 on nid00227 (pshm node 7 of 8, process 151 of 168, pid=32885)
UPCR: UPC thread 128 of 168 on nid00226 (pshm node 6 of 8, process 128 of 168, pid=13017)
UPCR: UPC thread  95 of 168 on nid00224 (pshm node 4 of 8, process  95 of 168, pid=4583)
UPCR: UPC thread  65 of 168 on nid00223 (pshm node 3 of 8, process  65 of 168, pid=22421)
UPCR: UPC thread  50 of 168 on nid00222 (pshm node 2 of 8, process  50 of 168, pid=22610)
UPCR: UPC thread 152 of 168 on nid00227 (pshm node 7 of 8, process 152 of 168, pid=32886)
UPCR: UPC thread 130 of 168 on nid00226 (pshm node 6 of 8, process 130 of 168, pid=13019)
UPCR: UPC thread  96 of 168 on nid00224 (pshm node 4 of 8, process  96 of 168, pid=4584)
UPCR: UPC thread  66 of 168 on nid00223 (pshm node 3 of 8, process  66 of 168, pid=22422)
UPCR: UPC thread  51 of 168 on nid00222 (pshm node 2 of 8, process  51 of 168, pid=22611)
UPCR: UPC thread 153 of 168 on nid00227 (pshm node 7 of 8, process 153 of 168, pid=32887)
UPCR: UPC thread 131 of 168 on nid00226 (pshm node 6 of 8, process 131 of 168, pid=13020)
UPCR: UPC thread  97 of 168 on nid00224 (pshm node 4 of 8, process  97 of 168, pid=4585)
UPCR: UPC thread  68 of 168 on nid00223 (pshm node 3 of 8, process  68 of 168, pid=22424)
UPCR: UPC thread  52 of 168 on nid00222 (pshm node 2 of 8, process  52 of 168, pid=22612)
UPCR: UPC thread 154 of 168 on nid00227 (pshm node 7 of 8, process 154 of 168, pid=32888)
UPCR: UPC thread 132 of 168 on nid00226 (pshm node 6 of 8, process 132 of 168, pid=13021)
UPCR: UPC thread  98 of 168 on nid00224 (pshm node 4 of 8, process  98 of 168, pid=4586)
UPCR: UPC thread  69 of 168 on nid00223 (pshm node 3 of 8, process  69 of 168, pid=22425)
UPCR: UPC thread  53 of 168 on nid00222 (pshm node 2 of 8, process  53 of 168, pid=22613)
UPCR: UPC thread 155 of 168 on nid00227 (pshm node 7 of 8, process 155 of 168, pid=32889)
UPCR: UPC thread 133 of 168 on nid00226 (pshm node 6 of 8, process 133 of 168, pid=13022)
UPCR: UPC thread  99 of 168 on nid00224 (pshm node 4 of 8, process  99 of 168, pid=4587)
UPCR: UPC thread  70 of 168 on nid00223 (pshm node 3 of 8, process  70 of 168, pid=22426)
UPCR: UPC thread  54 of 168 on nid00222 (pshm node 2 of 8, process  54 of 168, pid=22614)
UPCR: UPC thread 156 of 168 on nid00227 (pshm node 7 of 8, process 156 of 168, pid=32890)
UPCR: UPC thread 134 of 168 on nid00226 (pshm node 6 of 8, process 134 of 168, pid=13023)
UPCR: UPC thread 100 of 168 on nid00224 (pshm node 4 of 8, process 100 of 168, pid=4588)
UPCR: UPC thread  72 of 168 on nid00223 (pshm node 3 of 8, process  72 of 168, pid=22428)
UPCR: UPC thread  57 of 168 on nid00222 (pshm node 2 of 8, process  57 of 168, pid=22617)
UPCR: UPC thread 157 of 168 on nid00227 (pshm node 7 of 8, process 157 of 168, pid=32891)
UPCR: UPC thread 135 of 168 on nid00226 (pshm node 6 of 8, process 135 of 168, pid=13024)
UPCR: UPC thread 101 of 168 on nid00224 (pshm node 4 of 8, process 101 of 168, pid=4589)
UPCR: UPC thread  74 of 168 on nid00223 (pshm node 3 of 8, process  74 of 168, pid=22430)
UPCR: UPC thread  58 of 168 on nid00222 (pshm node 2 of 8, process  58 of 168, pid=22618)
UPCR: UPC thread 158 of 168 on nid00227 (pshm node 7 of 8, process 158 of 168, pid=32892)
UPCR: UPC thread 137 of 168 on nid00226 (pshm node 6 of 8, process 137 of 168, pid=13026)
UPCR: UPC thread 103 of 168 on nid00224 (pshm node 4 of 8, process 103 of 168, pid=4591)
UPCR: UPC thread  76 of 168 on nid00223 (pshm node 3 of 8, process  76 of 168, pid=22432)
UPCR: UPC thread  59 of 168 on nid00222 (pshm node 2 of 8, process  59 of 168, pid=22619)
UPCR: UPC thread 159 of 168 on nid00227 (pshm node 7 of 8, process 159 of 168, pid=32893)
UPCR: UPC thread 138 of 168 on nid00226 (pshm node 6 of 8, process 138 of 168, pid=13027)
UPCR: UPC thread 104 of 168 on nid00224 (pshm node 4 of 8, process 104 of 168, pid=4592)
UPCR: UPC thread  77 of 168 on nid00223 (pshm node 3 of 8, process  77 of 168, pid=22433)
UPCR: UPC thread  60 of 168 on nid00222 (pshm node 2 of 8, process  60 of 168, pid=22620)
UPCR: UPC thread 160 of 168 on nid00227 (pshm node 7 of 8, process 160 of 168, pid=32894)
UPCR: UPC thread 140 of 168 on nid00226 (pshm node 6 of 8, process 140 of 168, pid=13029)
UPCR: UPC thread  85 of 168 on nid00224 (pshm node 4 of 8, process  85 of 168, pid=4573)
UPCR: UPC thread  78 of 168 on nid00223 (pshm node 3 of 8, process  78 of 168, pid=22434)
UPCR: UPC thread  61 of 168 on nid00222 (pshm node 2 of 8, process  61 of 168, pid=22621)
UPCR: UPC thread 161 of 168 on nid00227 (pshm node 7 of 8, process 161 of 168, pid=32895)
UPCR: UPC thread 141 of 168 on nid00226 (pshm node 6 of 8, process 141 of 168, pid=13030)
UPCR: UPC thread  87 of 168 on nid00224 (pshm node 4 of 8, process  87 of 168, pid=4575)
UPCR: UPC thread  79 of 168 on nid00223 (pshm node 3 of 8, process  79 of 168, pid=22435)
UPCR: UPC thread  62 of 168 on nid00222 (pshm node 2 of 8, process  62 of 168, pid=22622)
UPCR: UPC thread 162 of 168 on nid00227 (pshm node 7 of 8, process 162 of 168, pid=32896)
UPCR: UPC thread 142 of 168 on nid00226 (pshm node 6 of 8, process 142 of 168, pid=13031)
UPCR: UPC thread  88 of 168 on nid00224 (pshm node 4 of 8, process  88 of 168, pid=4576)
UPCR: UPC thread  82 of 168 on nid00223 (pshm node 3 of 8, process  82 of 168, pid=22438)
UPCR: UPC thread  43 of 168 on nid00222 (pshm node 2 of 8, process  43 of 168, pid=22603)
UPCR: UPC thread 163 of 168 on nid00227 (pshm node 7 of 8, process 163 of 168, pid=32897)
UPCR: UPC thread 143 of 168 on nid00226 (pshm node 6 of 8, process 143 of 168, pid=13032)
UPCR: UPC thread  89 of 168 on nid00224 (pshm node 4 of 8, process  89 of 168, pid=4577)
UPCR: UPC thread  83 of 168 on nid00223 (pshm node 3 of 8, process  83 of 168, pid=22439)
UPCR: UPC thread  44 of 168 on nid00222 (pshm node 2 of 8, process  44 of 168, pid=22604)
UPCR: UPC thread 164 of 168 on nid00227 (pshm node 7 of 8, process 164 of 168, pid=32898)
UPCR: UPC thread 144 of 168 on nid00226 (pshm node 6 of 8, process 144 of 168, pid=13033)
UPCR: UPC thread  90 of 168 on nid00224 (pshm node 4 of 8, process  90 of 168, pid=4578)
UPCR: UPC thread  73 of 168 on nid00223 (pshm node 3 of 8, process  73 of 168, pid=22429)
UPCR: UPC thread  49 of 168 on nid00222 (pshm node 2 of 8, process  49 of 168, pid=22609)
UPCR: UPC thread 165 of 168 on nid00227 (pshm node 7 of 8, process 165 of 168, pid=32899)
UPCR: UPC thread 145 of 168 on nid00226 (pshm node 6 of 8, process 145 of 168, pid=13034)
UPCR: UPC thread  91 of 168 on nid00224 (pshm node 4 of 8, process  91 of 168, pid=4579)
UPCR: UPC thread  55 of 168 on nid00222 (pshm node 2 of 8, process  55 of 168, pid=22615)
UPCR: UPC thread 166 of 168 on nid00227 (pshm node 7 of 8, process 166 of 168, pid=32900)
UPCR: UPC thread 146 of 168 on nid00226 (pshm node 6 of 8, process 146 of 168, pid=13035)
UPCR: UPC thread  92 of 168 on nid00224 (pshm node 4 of 8, process  92 of 168, pid=4580)
UPCR: UPC thread  56 of 168 on nid00222 (pshm node 2 of 8, process  56 of 168, pid=22616)
UPCR: UPC thread 167 of 168 on nid00227 (pshm node 7 of 8, process 167 of 168, pid=32901)
UPCR: UPC thread 102 of 168 on nid00224 (pshm node 4 of 8, process 102 of 168, pid=4590)
Loading kmlist
Loading kmlist
Loading kmlist
Loading kmlist
Loading kmlist
Loading kmlist
Loading kmlist
Loading kmlist
Loading kmlist
Loading kmlist
Loading kmlist
Loading kmlist
Loading kmlist
Loading kmlist
Loading kmlist
Loading kmlist
Loading kmlist
Loading kmlist
Loading kmlist
Loading kmlist
Loading kmlist
Loading kmlist
Loading kmlist
Loading kmlist
Loading kmlist
Loading kmlist
Loading kmlist
Loading kmlist
Loading kmlist
Loading kmlist
Loading kmlist
Loading kmlist
Loading kmlist
Loading kmlist
Loading kmlist
Loading kmlist
Loading kmlist
Loading kmlist
Loading kmlist
Loading kmlist
Loading kmlist
Loading kmlist
Loading kmlist
Loading kmlist
Loading kmlist
Loading kmlist
Loading kmlist
Loading kmlist
Loading kmlist
Loading kmlist
Loading kmlist
Loading kmlist
Loading kmlist
Loading kmlist
Loading kmlist
Loading kmlist
Loading kmlist
Loading kmlist
Loading kmlist
Loading kmlist
Loading kmlist
Loading kmlist
Loading kmlist
Loading kmlist
Loading kmlist
Loading kmlist
Loading kmlist
Loading kmlist
Loading kmlist
Loading kmlist
Loading kmlist
Loading kmlist
Loading kmlist
Loading kmlist
Loading kmlist
Loading kmlist
Loading kmlist
Loading kmlist
Loading kmlist
Loading kmlist
Loading kmlist
Loading kmlist
Loading kmlist
Loading kmlist
Loading kmlist
Loading kmlist
Loading kmlist
Loading kmlist
Loading kmlist
Loading kmlist
Loading kmlist
Loading kmlist
Loading kmlist
Loading kmlist
Loading kmlist
Loading kmlist
Loading kmlist
Loading kmlist
Loading kmlist
Loading kmlist
Loading kmlist
Loading kmlist
Loading kmlist
Loading kmlist
Loading kmlist
Loading kmlist
Loading kmlist
Loading kmlist
Loading kmlist
Loading kmlist
Loading kmlist
Loading kmlist
Loading kmlist
Loading kmlist
Loading kmlist
Loading kmlist
Loading kmlist
Loading kmlist
Loading kmlist
Loading kmlist
Loading kmlist
Loading kmlist
Loading kmlist
Loading kmlist
Loading kmlist
Loading kmlist
Loading kmlist
Loading kmlist
Loading kmlist
Loading kmlist
Loading kmlist
Loading kmlist
Loading kmlist
Loading kmlist
Loading kmlist
Loading kmlist
Loading kmlist
Loading kmlist
Loading kmlist
Loading kmlist
Loading kmlist
Loading kmlist
Loading kmlist
Loading kmlist
Loading kmlist
Loading kmlist
Loading kmlist
Loading kmlist
Loading kmlist
Loading kmlist
Loading kmlist
Loading kmlist
Loading kmlist
Loading kmlist
Loading kmlist
Loading kmlist
Loading kmlist
Line length: 55
Kmer count:  27000544
Kmer length: 51
Initializing hash table
Reading file
Loading kmlist
Generating contigs...
Contigs generated: 210550
/global/u1/r/rbarnes/cs267/hw3/src/./pgen: Input set: /scratch2/scratchdirs/rbarnes/data/largeinput
Number of UPC threads: 168
Input reading time: 1.535315 seconds
Graph traversal time: 3.896751 seconds
Kmlist offload: 1.894216 seconds
Total time: 7.326645s
Loading kmlist
Loading kmlist
Loading kmlist
Loading kmlist
Loading kmlist
Loading kmlist
Loading kmlist
Loading kmlist
Loading kmlist
Loading kmlist
UPCR: UPC thread   0 of 192 on nid00220 (pshm node 0 of 8, process   0 of 192, pid=45775)
UPCR: UPC thread  26 of 192 on nid00221 (pshm node 1 of 8, process  26 of 192, pid=47208)
UPCR: UPC thread 172 of 192 on nid00227 (pshm node 7 of 8, process 172 of 192, pid=33211)
UPCR: UPC thread 123 of 192 on nid00225 (pshm node 5 of 8, process 123 of 192, pid=1085)
UPCR: UPC thread  77 of 192 on nid00223 (pshm node 3 of 8, process  77 of 192, pid=22580)
UPCR: UPC thread 144 of 192 on nid00226 (pshm node 6 of 8, process 144 of 192, pid=13296)
UPCR: UPC thread  96 of 192 on nid00224 (pshm node 4 of 8, process  96 of 192, pid=4717)
UPCR: UPC thread  48 of 192 on nid00222 (pshm node 2 of 8, process  48 of 192, pid=22857)
UPCR: UPC thread   3 of 192 on nid00220 (pshm node 0 of 8, process   3 of 192, pid=45778)
UPCR: UPC thread 129 of 192 on nid00225 (pshm node 5 of 8, process 129 of 192, pid=1091)
UPCR: UPC thread  78 of 192 on nid00223 (pshm node 3 of 8, process  78 of 192, pid=22581)
UPCR: UPC thread 152 of 192 on nid00226 (pshm node 6 of 8, process 152 of 192, pid=13304)
UPCR: UPC thread   5 of 192 on nid00220 (pshm node 0 of 8, process   5 of 192, pid=45780)
UPCR: UPC thread 130 of 192 on nid00225 (pshm node 5 of 8, process 130 of 192, pid=1092)
UPCR: UPC thread  79 of 192 on nid00223 (pshm node 3 of 8, process  79 of 192, pid=22582)
UPCR: UPC thread 145 of 192 on nid00226 (pshm node 6 of 8, process 145 of 192, pid=13297)
UPCR: UPC thread  12 of 192 on nid00220 (pshm node 0 of 8, process  12 of 192, pid=45787)
UPCR: UPC thread 131 of 192 on nid00225 (pshm node 5 of 8, process 131 of 192, pid=1093)
UPCR: UPC thread  80 of 192 on nid00223 (pshm node 3 of 8, process  80 of 192, pid=22583)
UPCR: UPC thread 146 of 192 on nid00226 (pshm node 6 of 8, process 146 of 192, pid=13298)
UPCR: UPC thread  14 of 192 on nid00220 (pshm node 0 of 8, process  14 of 192, pid=45789)
UPCR: UPC thread 132 of 192 on nid00225 (pshm node 5 of 8, process 132 of 192, pid=1094)
UPCR: UPC thread  81 of 192 on nid00223 (pshm node 3 of 8, process  81 of 192, pid=22584)
UPCR: UPC thread 147 of 192 on nid00226 (pshm node 6 of 8, process 147 of 192, pid=13299)
UPCR: UPC thread  18 of 192 on nid00220 (pshm node 0 of 8, process  18 of 192, pid=45793)
UPCR: UPC thread 133 of 192 on nid00225 (pshm node 5 of 8, process 133 of 192, pid=1095)
UPCR: UPC thread  82 of 192 on nid00223 (pshm node 3 of 8, process  82 of 192, pid=22585)
UPCR: UPC thread 148 of 192 on nid00226 (pshm node 6 of 8, process 148 of 192, pid=13300)
UPCR: UPC thread   1 of 192 on nid00220 (pshm node 0 of 8, process   1 of 192, pid=45776)
UPCR: UPC thread 135 of 192 on nid00225 (pshm node 5 of 8, process 135 of 192, pid=1097)
UPCR: UPC thread   2 of 192 on nid00220 (pshm node 0 of 8, process   2 of 192, pid=45777)
UPCR: UPC thread 137 of 192 on nid00225 (pshm node 5 of 8, process 137 of 192, pid=1099)
UPCR: UPC thread  83 of 192 on nid00223 (pshm node 3 of 8, process  83 of 192, pid=22586)
UPCR: UPC thread 149 of 192 on nid00226 (pshm node 6 of 8, process 149 of 192, pid=13301)
UPCR: UPC thread   4 of 192 on nid00220 (pshm node 0 of 8, process   4 of 192, pid=45779)
UPCR: UPC thread 138 of 192 on nid00225 (pshm node 5 of 8, process 138 of 192, pid=1100)
UPCR: UPC thread  84 of 192 on nid00223 (pshm node 3 of 8, process  84 of 192, pid=22587)
UPCR: UPC thread 150 of 192 on nid00226 (pshm node 6 of 8, process 150 of 192, pid=13302)
UPCR: UPC thread   6 of 192 on nid00220 (pshm node 0 of 8, process   6 of 192, pid=45781)
UPCR: UPC thread 139 of 192 on nid00225 (pshm node 5 of 8, process 139 of 192, pid=1101)
UPCR: UPC thread  85 of 192 on nid00223 (pshm node 3 of 8, process  85 of 192, pid=22588)
UPCR: UPC thread 151 of 192 on nid00226 (pshm node 6 of 8, process 151 of 192, pid=13303)
UPCR: UPC thread   7 of 192 on nid00220 (pshm node 0 of 8, process   7 of 192, pid=45782)
UPCR: UPC thread 140 of 192 on nid00225 (pshm node 5 of 8, process 140 of 192, pid=1102)
UPCR: UPC thread  86 of 192 on nid00223 (pshm node 3 of 8, process  86 of 192, pid=22589)
UPCR: UPC thread 153 of 192 on nid00226 (pshm node 6 of 8, process 153 of 192, pid=13305)
UPCR: UPC thread   8 of 192 on nid00220 (pshm node 0 of 8, process   8 of 192, pid=45783)
UPCR: UPC thread 141 of 192 on nid00225 (pshm node 5 of 8, process 141 of 192, pid=1103)
UPCR: UPC thread  87 of 192 on nid00223 (pshm node 3 of 8, process  87 of 192, pid=22590)
UPCR: UPC thread 154 of 192 on nid00226 (pshm node 6 of 8, process 154 of 192, pid=13306)
UPCR: UPC thread   9 of 192 on nid00220 (pshm node 0 of 8, process   9 of 192, pid=45784)
UPCR: UPC thread 142 of 192 on nid00225 (pshm node 5 of 8, process 142 of 192, pid=1104)
UPCR: UPC thread  88 of 192 on nid00223 (pshm node 3 of 8, process  88 of 192, pid=22591)
UPCR: UPC thread 155 of 192 on nid00226 (pshm node 6 of 8, process 155 of 192, pid=13307)
UPCR: UPC thread  10 of 192 on nid00220 (pshm node 0 of 8, process  10 of 192, pid=45785)
UPCR: UPC thread 143 of 192 on nid00225 (pshm node 5 of 8, process 143 of 192, pid=1105)
UPCR: UPC thread  89 of 192 on nid00223 (pshm node 3 of 8, process  89 of 192, pid=22592)
UPCR: UPC thread 156 of 192 on nid00226 (pshm node 6 of 8, process 156 of 192, pid=13308)
UPCR: UPC thread  11 of 192 on nid00220 (pshm node 0 of 8, process  11 of 192, pid=45786)
UPCR: UPC thread 120 of 192 on nid00225 (pshm node 5 of 8, process 120 of 192, pid=1082)
UPCR: UPC thread  90 of 192 on nid00223 (pshm node 3 of 8, process  90 of 192, pid=22593)
UPCR: UPC thread 157 of 192 on nid00226 (pshm node 6 of 8, process 157 of 192, pid=13309)
UPCR: UPC thread  13 of 192 on nid00220 (pshm node 0 of 8, process  13 of 192, pid=45788)
UPCR: UPC thread 121 of 192 on nid00225 (pshm node 5 of 8, process 121 of 192, pid=1083)
UPCR: UPC thread  91 of 192 on nid00223 (pshm node 3 of 8, process  91 of 192, pid=22594)
UPCR: UPC thread 158 of 192 on nid00226 (pshm node 6 of 8, process 158 of 192, pid=13310)
UPCR: UPC thread  15 of 192 on nid00220 (pshm node 0 of 8, process  15 of 192, pid=45790)
UPCR: UPC thread 122 of 192 on nid00225 (pshm node 5 of 8, process 122 of 192, pid=1084)
UPCR: UPC thread  92 of 192 on nid00223 (pshm node 3 of 8, process  92 of 192, pid=22595)
UPCR: UPC thread 159 of 192 on nid00226 (pshm node 6 of 8, process 159 of 192, pid=13311)
UPCR: UPC thread  16 of 192 on nid00220 (pshm node 0 of 8, process  16 of 192, pid=45791)
UPCR: UPC thread 124 of 192 on nid00225 (pshm node 5 of 8, process 124 of 192, pid=1086)
UPCR: UPC thread  93 of 192 on nid00223 (pshm node 3 of 8, process  93 of 192, pid=22596)
UPCR: UPC thread 160 of 192 on nid00226 (pshm node 6 of 8, process 160 of 192, pid=13312)
UPCR: UPC thread  17 of 192 on nid00220 (pshm node 0 of 8, process  17 of 192, pid=45792)
UPCR: UPC thread 125 of 192 on nid00225 (pshm node 5 of 8, process 125 of 192, pid=1087)
UPCR: UPC thread  94 of 192 on nid00223 (pshm node 3 of 8, process  94 of 192, pid=22597)
UPCR: UPC thread 161 of 192 on nid00226 (pshm node 6 of 8, process 161 of 192, pid=13313)
UPCR: UPC thread  19 of 192 on nid00220 (pshm node 0 of 8, process  19 of 192, pid=45794)
UPCR: UPC thread 126 of 192 on nid00225 (pshm node 5 of 8, process 126 of 192, pid=1088)
UPCR: UPC thread  95 of 192 on nid00223 (pshm node 3 of 8, process  95 of 192, pid=22598)
UPCR: UPC thread 162 of 192 on nid00226 (pshm node 6 of 8, process 162 of 192, pid=13314)
UPCR: UPC thread  20 of 192 on nid00220 (pshm node 0 of 8, process  20 of 192, pid=45795)
UPCR: UPC thread 127 of 192 on nid00225 (pshm node 5 of 8, process 127 of 192, pid=1089)
UPCR: UPC thread  72 of 192 on nid00223 (pshm node 3 of 8, process  72 of 192, pid=22575)
UPCR: UPC thread 163 of 192 on nid00226 (pshm node 6 of 8, process 163 of 192, pid=13315)
UPCR: UPC thread  21 of 192 on nid00220 (pshm node 0 of 8, process  21 of 192, pid=45796)
UPCR: UPC thread 128 of 192 on nid00225 (pshm node 5 of 8, process 128 of 192, pid=1090)
UPCR: UPC thread  73 of 192 on nid00223 (pshm node 3 of 8, process  73 of 192, pid=22576)
UPCR: UPC thread 164 of 192 on nid00226 (pshm node 6 of 8, process 164 of 192, pid=13316)
UPCR: UPC thread  22 of 192 on nid00220 (pshm node 0 of 8, process  22 of 192, pid=45797)
UPCR: UPC thread 134 of 192 on nid00225 (pshm node 5 of 8, process 134 of 192, pid=1096)
UPCR: UPC thread  74 of 192 on nid00223 (pshm node 3 of 8, process  74 of 192, pid=22577)
UPCR: UPC thread 165 of 192 on nid00226 (pshm node 6 of 8, process 165 of 192, pid=13317)
UPCR: UPC thread  23 of 192 on nid00220 (pshm node 0 of 8, process  23 of 192, pid=45798)
UPCR: UPC thread 136 of 192 on nid00225 (pshm node 5 of 8, process 136 of 192, pid=1098)
UPCR: UPC thread  75 of 192 on nid00223 (pshm node 3 of 8, process  75 of 192, pid=22578)
UPCR: UPC thread 166 of 192 on nid00226 (pshm node 6 of 8, process 166 of 192, pid=13318)
UPCR: UPC thread  76 of 192 on nid00223 (pshm node 3 of 8, process  76 of 192, pid=22579)
UPCR: UPC thread 167 of 192 on nid00226 (pshm node 6 of 8, process 167 of 192, pid=13319)
UPCR: UPC thread  31 of 192 on nid00221 (pshm node 1 of 8, process  31 of 192, pid=47213)
UPCR: UPC thread  34 of 192 on nid00221 (pshm node 1 of 8, process  34 of 192, pid=47216)
UPCR: UPC thread  36 of 192 on nid00221 (pshm node 1 of 8, process  36 of 192, pid=47218)
UPCR: UPC thread 103 of 192 on nid00224 (pshm node 4 of 8, process 103 of 192, pid=4724)
UPCR: UPC thread  49 of 192 on nid00222 (pshm node 2 of 8, process  49 of 192, pid=22858)
UPCR: UPC thread 174 of 192 on nid00227 (pshm node 7 of 8, process 174 of 192, pid=33213)
UPCR: UPC thread  37 of 192 on nid00221 (pshm node 1 of 8, process  37 of 192, pid=47219)
UPCR: UPC thread 105 of 192 on nid00224 (pshm node 4 of 8, process 105 of 192, pid=4726)
UPCR: UPC thread  51 of 192 on nid00222 (pshm node 2 of 8, process  51 of 192, pid=22860)
UPCR: UPC thread 176 of 192 on nid00227 (pshm node 7 of 8, process 176 of 192, pid=33215)
UPCR: UPC thread  41 of 192 on nid00221 (pshm node 1 of 8, process  41 of 192, pid=47223)
UPCR: UPC thread 107 of 192 on nid00224 (pshm node 4 of 8, process 107 of 192, pid=4728)
UPCR: UPC thread  52 of 192 on nid00222 (pshm node 2 of 8, process  52 of 192, pid=22861)
UPCR: UPC thread 178 of 192 on nid00227 (pshm node 7 of 8, process 178 of 192, pid=33217)
UPCR: UPC thread  24 of 192 on nid00221 (pshm node 1 of 8, process  24 of 192, pid=47206)
UPCR: UPC thread 108 of 192 on nid00224 (pshm node 4 of 8, process 108 of 192, pid=4729)
UPCR: UPC thread  53 of 192 on nid00222 (pshm node 2 of 8, process  53 of 192, pid=22862)
UPCR: UPC thread 182 of 192 on nid00227 (pshm node 7 of 8, process 182 of 192, pid=33221)
UPCR: UPC thread  25 of 192 on nid00221 (pshm node 1 of 8, process  25 of 192, pid=47207)
UPCR: UPC thread 109 of 192 on nid00224 (pshm node 4 of 8, process 109 of 192, pid=4730)
UPCR: UPC thread  54 of 192 on nid00222 (pshm node 2 of 8, process  54 of 192, pid=22863)
UPCR: UPC thread 184 of 192 on nid00227 (pshm node 7 of 8, process 184 of 192, pid=33223)
UPCR: UPC thread  27 of 192 on nid00221 (pshm node 1 of 8, process  27 of 192, pid=47209)
UPCR: UPC thread 110 of 192 on nid00224 (pshm node 4 of 8, process 110 of 192, pid=4731)
UPCR: UPC thread  57 of 192 on nid00222 (pshm node 2 of 8, process  57 of 192, pid=22866)
UPCR: UPC thread 190 of 192 on nid00227 (pshm node 7 of 8, process 190 of 192, pid=33229)
UPCR: UPC thread  28 of 192 on nid00221 (pshm node 1 of 8, process  28 of 192, pid=47210)
UPCR: UPC thread 114 of 192 on nid00224 (pshm node 4 of 8, process 114 of 192, pid=4735)
UPCR: UPC thread  58 of 192 on nid00222 (pshm node 2 of 8, process  58 of 192, pid=22867)
UPCR: UPC thread 168 of 192 on nid00227 (pshm node 7 of 8, process 168 of 192, pid=33207)
UPCR: UPC thread  29 of 192 on nid00221 (pshm node 1 of 8, process  29 of 192, pid=47211)
UPCR: UPC thread 115 of 192 on nid00224 (pshm node 4 of 8, process 115 of 192, pid=4736)
UPCR: UPC thread  60 of 192 on nid00222 (pshm node 2 of 8, process  60 of 192, pid=22869)
UPCR: UPC thread 169 of 192 on nid00227 (pshm node 7 of 8, process 169 of 192, pid=33208)
UPCR: UPC thread  30 of 192 on nid00221 (pshm node 1 of 8, process  30 of 192, pid=47212)
UPCR: UPC thread 118 of 192 on nid00224 (pshm node 4 of 8, process 118 of 192, pid=4739)
UPCR: UPC thread  61 of 192 on nid00222 (pshm node 2 of 8, process  61 of 192, pid=22870)
UPCR: UPC thread 170 of 192 on nid00227 (pshm node 7 of 8, process 170 of 192, pid=33209)
UPCR: UPC thread  32 of 192 on nid00221 (pshm node 1 of 8, process  32 of 192, pid=47214)
UPCR: UPC thread 119 of 192 on nid00224 (pshm node 4 of 8, process 119 of 192, pid=4740)
UPCR: UPC thread  62 of 192 on nid00222 (pshm node 2 of 8, process  62 of 192, pid=22871)
UPCR: UPC thread 171 of 192 on nid00227 (pshm node 7 of 8, process 171 of 192, pid=33210)
UPCR: UPC thread  33 of 192 on nid00221 (pshm node 1 of 8, process  33 of 192, pid=47215)
UPCR: UPC thread  97 of 192 on nid00224 (pshm node 4 of 8, process  97 of 192, pid=4718)
UPCR: UPC thread  63 of 192 on nid00222 (pshm node 2 of 8, process  63 of 192, pid=22872)
UPCR: UPC thread 173 of 192 on nid00227 (pshm node 7 of 8, process 173 of 192, pid=33212)
UPCR: UPC thread  35 of 192 on nid00221 (pshm node 1 of 8, process  35 of 192, pid=47217)
UPCR: UPC thread  98 of 192 on nid00224 (pshm node 4 of 8, process  98 of 192, pid=4719)
UPCR: UPC thread  64 of 192 on nid00222 (pshm node 2 of 8, process  64 of 192, pid=22873)
UPCR: UPC thread 175 of 192 on nid00227 (pshm node 7 of 8, process 175 of 192, pid=33214)
UPCR: UPC thread  38 of 192 on nid00221 (pshm node 1 of 8, process  38 of 192, pid=47220)
UPCR: UPC thread  99 of 192 on nid00224 (pshm node 4 of 8, process  99 of 192, pid=4720)
UPCR: UPC thread  65 of 192 on nid00222 (pshm node 2 of 8, process  65 of 192, pid=22874)
UPCR: UPC thread 177 of 192 on nid00227 (pshm node 7 of 8, process 177 of 192, pid=33216)
UPCR: UPC thread  39 of 192 on nid00221 (pshm node 1 of 8, process  39 of 192, pid=47221)
UPCR: UPC thread 100 of 192 on nid00224 (pshm node 4 of 8, process 100 of 192, pid=4721)
UPCR: UPC thread  66 of 192 on nid00222 (pshm node 2 of 8, process  66 of 192, pid=22875)
UPCR: UPC thread 179 of 192 on nid00227 (pshm node 7 of 8, process 179 of 192, pid=33218)
UPCR: UPC thread  40 of 192 on nid00221 (pshm node 1 of 8, process  40 of 192, pid=47222)
UPCR: UPC thread 101 of 192 on nid00224 (pshm node 4 of 8, process 101 of 192, pid=4722)
UPCR: UPC thread  67 of 192 on nid00222 (pshm node 2 of 8, process  67 of 192, pid=22876)
UPCR: UPC thread 180 of 192 on nid00227 (pshm node 7 of 8, process 180 of 192, pid=33219)
UPCR: UPC thread  42 of 192 on nid00221 (pshm node 1 of 8, process  42 of 192, pid=47224)
UPCR: UPC thread 102 of 192 on nid00224 (pshm node 4 of 8, process 102 of 192, pid=4723)
UPCR: UPC thread  68 of 192 on nid00222 (pshm node 2 of 8, process  68 of 192, pid=22877)
UPCR: UPC thread 181 of 192 on nid00227 (pshm node 7 of 8, process 181 of 192, pid=33220)
UPCR: UPC thread  43 of 192 on nid00221 (pshm node 1 of 8, process  43 of 192, pid=47225)
UPCR: UPC thread 104 of 192 on nid00224 (pshm node 4 of 8, process 104 of 192, pid=4725)
UPCR: UPC thread  69 of 192 on nid00222 (pshm node 2 of 8, process  69 of 192, pid=22878)
UPCR: UPC thread 183 of 192 on nid00227 (pshm node 7 of 8, process 183 of 192, pid=33222)
UPCR: UPC thread  44 of 192 on nid00221 (pshm node 1 of 8, process  44 of 192, pid=47226)
UPCR: UPC thread 106 of 192 on nid00224 (pshm node 4 of 8, process 106 of 192, pid=4727)
UPCR: UPC thread  70 of 192 on nid00222 (pshm node 2 of 8, process  70 of 192, pid=22879)
UPCR: UPC thread 185 of 192 on nid00227 (pshm node 7 of 8, process 185 of 192, pid=33224)
UPCR: UPC thread  45 of 192 on nid00221 (pshm node 1 of 8, process  45 of 192, pid=47227)
UPCR: UPC thread 111 of 192 on nid00224 (pshm node 4 of 8, process 111 of 192, pid=4732)
UPCR: UPC thread  71 of 192 on nid00222 (pshm node 2 of 8, process  71 of 192, pid=22880)
UPCR: UPC thread 186 of 192 on nid00227 (pshm node 7 of 8, process 186 of 192, pid=33225)
UPCR: UPC thread  46 of 192 on nid00221 (pshm node 1 of 8, process  46 of 192, pid=47228)
UPCR: UPC thread 112 of 192 on nid00224 (pshm node 4 of 8, process 112 of 192, pid=4733)
UPCR: UPC thread  50 of 192 on nid00222 (pshm node 2 of 8, process  50 of 192, pid=22859)
UPCR: UPC thread 187 of 192 on nid00227 (pshm node 7 of 8, process 187 of 192, pid=33226)
UPCR: UPC thread  47 of 192 on nid00221 (pshm node 1 of 8, process  47 of 192, pid=47229)
UPCR: UPC thread 113 of 192 on nid00224 (pshm node 4 of 8, process 113 of 192, pid=4734)
UPCR: UPC thread  55 of 192 on nid00222 (pshm node 2 of 8, process  55 of 192, pid=22864)
UPCR: UPC thread 189 of 192 on nid00227 (pshm node 7 of 8, process 189 of 192, pid=33228)
UPCR: UPC thread 116 of 192 on nid00224 (pshm node 4 of 8, process 116 of 192, pid=4737)
UPCR: UPC thread  56 of 192 on nid00222 (pshm node 2 of 8, process  56 of 192, pid=22865)
UPCR: UPC thread 191 of 192 on nid00227 (pshm node 7 of 8, process 191 of 192, pid=33230)
UPCR: UPC thread 117 of 192 on nid00224 (pshm node 4 of 8, process 117 of 192, pid=4738)
UPCR: UPC thread  59 of 192 on nid00222 (pshm node 2 of 8, process  59 of 192, pid=22868)
UPCR: UPC thread 188 of 192 on nid00227 (pshm node 7 of 8, process 188 of 192, pid=33227)
Loading kmlist
Loading kmlist
Loading kmlist
Loading kmlist
Loading kmlist
Loading kmlist
Loading kmlist
Loading kmlist
Loading kmlist
Loading kmlist
Loading kmlist
Loading kmlist
Loading kmlist
Loading kmlist
Loading kmlist
Loading kmlist
Loading kmlist
Loading kmlist
Loading kmlist
Loading kmlist
Loading kmlist
Loading kmlist
Loading kmlist
Loading kmlist
Loading kmlist
Loading kmlist
Loading kmlist
Loading kmlist
Loading kmlist
Loading kmlist
Loading kmlist
Loading kmlist
Loading kmlist
Loading kmlist
Loading kmlist
Loading kmlist
Loading kmlist
Loading kmlist
Loading kmlist
Loading kmlist
Loading kmlist
Loading kmlist
Loading kmlist
Loading kmlist
Loading kmlist
Loading kmlist
Loading kmlist
Loading kmlist
Loading kmlist
Loading kmlist
Loading kmlist
Loading kmlist
Loading kmlist
Loading kmlist
Loading kmlist
Loading kmlist
Loading kmlist
Loading kmlist
Loading kmlist
Loading kmlist
Loading kmlist
Loading kmlist
Loading kmlist
Loading kmlist
Loading kmlist
Loading kmlist
Loading kmlist
Loading kmlist
Loading kmlist
Loading kmlist
Loading kmlist
Loading kmlist
Loading kmlist
Loading kmlist
Loading kmlist
Loading kmlist
Loading kmlist
Loading kmlist
Loading kmlist
Loading kmlist
Loading kmlist
Loading kmlist
Loading kmlist
Loading kmlist
Loading kmlist
Loading kmlist
Loading kmlist
Loading kmlist
Loading kmlist
Loading kmlist
Loading kmlist
Loading kmlist
Loading kmlist
Loading kmlist
Loading kmlist
Loading kmlist
Loading kmlist
Loading kmlist
Loading kmlist
Loading kmlist
Loading kmlist
Loading kmlist
Loading kmlist
Loading kmlist
Loading kmlist
Loading kmlist
Loading kmlist
Loading kmlist
Loading kmlist
Loading kmlist
Loading kmlist
Loading kmlist
Loading kmlist
Loading kmlist
Loading kmlist
Loading kmlist
Loading kmlist
Loading kmlist
Loading kmlist
Loading kmlist
Loading kmlist
Loading kmlist
Loading kmlist
Loading kmlist
Loading kmlist
Loading kmlist
Loading kmlist
Loading kmlist
Loading kmlist
Loading kmlist
Loading kmlist
Loading kmlist
Loading kmlist
Loading kmlist
Loading kmlist
Loading kmlist
Loading kmlist
Loading kmlist
Loading kmlist
Loading kmlist
Loading kmlist
Loading kmlist
Loading kmlist
Loading kmlist
Loading kmlist
Loading kmlist
Loading kmlist
Loading kmlist
Loading kmlist
Loading kmlist
Loading kmlist
Loading kmlist
Loading kmlist
Loading kmlist
Loading kmlist
Loading kmlist
Loading kmlist
Loading kmlist
Loading kmlist
Loading kmlist
Loading kmlist
Loading kmlist
Loading kmlist
Loading kmlist
Loading kmlist
Loading kmlist
Loading kmlist
Loading kmlist
Loading kmlist
Loading kmlist
Loading kmlist
Line length: 55
Kmer count:  27000544
Kmer length: 51
Initializing hash table
Reading file
Loading kmlist
Generating contigs...
Contigs generated: 210550
/global/u1/r/rbarnes/cs267/hw3/src/./pgen: Input set: /scratch2/scratchdirs/rbarnes/data/largeinput
Number of UPC threads: 192
Input reading time: 1.457660 seconds
Graph traversal time: 3.979592 seconds
Kmlist offload: 1.843169 seconds
Total time: 7.280894s
Loading kmlist
Loading kmlist
Loading kmlist
Loading kmlist
Loading kmlist
Loading kmlist
Loading kmlist
Loading kmlist
Loading kmlist
Loading kmlist
Loading kmlist
Loading kmlist
Loading kmlist
Loading kmlist
Loading kmlist
Loading kmlist
Loading kmlist
Loading kmlist
Loading kmlist
Loading kmlist
