UPCR: UPC thread 0 of 1 on nid00091 (pshm node 0 of 1, process 0 of 1, pid=37912)
Line length: 23
Kmer count:  4514197
Kmer length: 19
Initializing hash table
Reading file
Loading kmlist
Generating contigs...
Contigs generated: 5736
/global/u1/r/rbarnes/cs267/hw3/src/./pgen: Input set: /scratch2/scratchdirs/rbarnes/data/test
Number of UPC threads: 1
Input reading time: 2.861897 seconds
Graph traversal time: 1.275472 seconds
Kmlist offload: 0.000006 seconds
Total time: 4.137377s
UPCR: UPC thread 0 of 2 on nid00091 (pshm node 0 of 1, process 0 of 2, pid=38016)
UPCR: UPC thread 1 of 2 on nid00091 (pshm node 0 of 1, process 1 of 2, pid=38017)
Line length: 23
Kmer count:  4514197
Kmer length: 19
Initializing hash table
Reading file
Loading kmlist
Generating contigs...
Contigs generated: 5736
/global/u1/r/rbarnes/cs267/hw3/src/./pgen: Input set: /scratch2/scratchdirs/rbarnes/data/test
Number of UPC threads: 2
Input reading time: 1.599282 seconds
Graph traversal time: 0.762442 seconds
Kmlist offload: 0.379137 seconds
Total time: 2.740878s
Loading kmlist
UPCR: UPC thread 0 of 3 on nid00091 (pshm node 0 of 1, process 0 of 3, pid=38130)
UPCR: UPC thread 1 of 3 on nid00091 (pshm node 0 of 1, process 1 of 3, pid=38131)
UPCR: UPC thread 2 of 3 on nid00091 (pshm node 0 of 1, process 2 of 3, pid=38132)
Loading kmlist
Loading kmlist
Line length: 23
Kmer count:  4514197
Kmer length: 19
Initializing hash table
Reading file
Loading kmlist
Generating contigs...
Contigs generated: 5736
/global/u1/r/rbarnes/cs267/hw3/src/./pgen: Input set: /scratch2/scratchdirs/rbarnes/data/test
Number of UPC threads: 3
Input reading time: 1.147217 seconds
Graph traversal time: 0.541951 seconds
Kmlist offload: 0.383213 seconds
Total time: 2.072421s
UPCR: UPC thread 0 of 4 on nid00091 (pshm node 0 of 1, process 0 of 4, pid=38251)
UPCR: UPC thread 1 of 4 on nid00091 (pshm node 0 of 1, process 1 of 4, pid=38252)
UPCR: UPC thread 2 of 4 on nid00091 (pshm node 0 of 1, process 2 of 4, pid=38253)
UPCR: UPC thread 3 of 4 on nid00091 (pshm node 0 of 1, process 3 of 4, pid=38254)
Loading kmlist
Loading kmlist
Loading kmlist
Line length: 23
Kmer count:  4514197
Kmer length: 19
Initializing hash table
Reading file
Loading kmlist
Generating contigs...
Contigs generated: 5736
/global/u1/r/rbarnes/cs267/hw3/src/./pgen: Input set: /scratch2/scratchdirs/rbarnes/data/test
Number of UPC threads: 4
Input reading time: 0.909998 seconds
Graph traversal time: 0.420861 seconds
Kmlist offload: 0.377462 seconds
Total time: 1.708346s
UPCR: UPC thread 0 of 5 on nid00091 (pshm node 0 of 1, process 0 of 5, pid=38359)
UPCR: UPC thread 1 of 5 on nid00091 (pshm node 0 of 1, process 1 of 5, pid=38360)
UPCR: UPC thread 2 of 5 on nid00091 (pshm node 0 of 1, process 2 of 5, pid=38361)
UPCR: UPC thread 3 of 5 on nid00091 (pshm node 0 of 1, process 3 of 5, pid=38362)
UPCR: UPC thread 4 of 5 on nid00091 (pshm node 0 of 1, process 4 of 5, pid=38363)
Loading kmlist
Loading kmlist
Loading kmlist
Loading kmlist
Line length: 23
Kmer count:  4514197
Kmer length: 19
Initializing hash table
Reading file
Loading kmlist
Generating contigs...
Contigs generated: 5736
/global/u1/r/rbarnes/cs267/hw3/src/./pgen: Input set: /scratch2/scratchdirs/rbarnes/data/test
Number of UPC threads: 5
Input reading time: 0.792147 seconds
Graph traversal time: 0.353177 seconds
Kmlist offload: 0.333483 seconds
Total time: 1.478852s
UPCR: UPC thread 0 of 6 on nid00091 (pshm node 0 of 1, process 0 of 6, pid=38504)
UPCR: UPC thread 1 of 6 on nid00091 (pshm node 0 of 1, process 1 of 6, pid=38505)
UPCR: UPC thread 2 of 6 on nid00091 (pshm node 0 of 1, process 2 of 6, pid=38506)
UPCR: UPC thread 3 of 6 on nid00091 (pshm node 0 of 1, process 3 of 6, pid=38507)
UPCR: UPC thread 4 of 6 on nid00091 (pshm node 0 of 1, process 4 of 6, pid=38508)
UPCR: UPC thread 5 of 6 on nid00091 (pshm node 0 of 1, process 5 of 6, pid=38509)
Loading kmlist
Loading kmlist
Loading kmlist
Loading kmlist
Loading kmlist
Line length: 23
Kmer count:  4514197
Kmer length: 19
Initializing hash table
Reading file
Loading kmlist
Generating contigs...
Contigs generated: 5736
/global/u1/r/rbarnes/cs267/hw3/src/./pgen: Input set: /scratch2/scratchdirs/rbarnes/data/test
Number of UPC threads: 6
Input reading time: 0.821445 seconds
Graph traversal time: 0.297733 seconds
Kmlist offload: 0.306514 seconds
Total time: 1.425739s
UPCR: UPC thread 0 of 7 on nid00091 (pshm node 0 of 1, process 0 of 7, pid=38698)
UPCR: UPC thread 1 of 7 on nid00091 (pshm node 0 of 1, process 1 of 7, pid=38699)
UPCR: UPC thread 2 of 7 on nid00091 (pshm node 0 of 1, process 2 of 7, pid=38700)
UPCR: UPC thread 3 of 7 on nid00091 (pshm node 0 of 1, process 3 of 7, pid=38701)
UPCR: UPC thread 4 of 7 on nid00091 (pshm node 0 of 1, process 4 of 7, pid=38702)
UPCR: UPC thread 5 of 7 on nid00091 (pshm node 0 of 1, process 5 of 7, pid=38703)
UPCR: UPC thread 6 of 7 on nid00091 (pshm node 0 of 1, process 6 of 7, pid=38704)
Loading kmlist
Loading kmlist
Loading kmlist
Loading kmlist
Loading kmlist
Line length: 23
Kmer count:  4514197
Kmer length: 19
Initializing hash table
Reading file
Loading kmlist
Generating contigs...
Contigs generated: 5736
/global/u1/r/rbarnes/cs267/hw3/src/./pgen: Input set: /scratch2/scratchdirs/rbarnes/data/test
Number of UPC threads: 7
Input reading time: 0.644698 seconds
Graph traversal time: 0.259053 seconds
Kmlist offload: 0.473010 seconds
Total time: 1.376797s
Loading kmlist
UPCR: UPC thread 0 of 8 on nid00091 (pshm node 0 of 1, process 0 of 8, pid=38860)
UPCR: UPC thread 1 of 8 on nid00091 (pshm node 0 of 1, process 1 of 8, pid=38861)
UPCR: UPC thread 2 of 8 on nid00091 (pshm node 0 of 1, process 2 of 8, pid=38862)
UPCR: UPC thread 3 of 8 on nid00091 (pshm node 0 of 1, process 3 of 8, pid=38863)
UPCR: UPC thread 4 of 8 on nid00091 (pshm node 0 of 1, process 4 of 8, pid=38864)
UPCR: UPC thread 5 of 8 on nid00091 (pshm node 0 of 1, process 5 of 8, pid=38865)
UPCR: UPC thread 6 of 8 on nid00091 (pshm node 0 of 1, process 6 of 8, pid=38866)
UPCR: UPC thread 7 of 8 on nid00091 (pshm node 0 of 1, process 7 of 8, pid=38867)
Loading kmlist
Loading kmlist
Loading kmlist
Loading kmlist
Loading kmlist
Loading kmlist
Loading kmlist
Line length: 23
Kmer count:  4514197
Kmer length: 19
Initializing hash table
Reading file
Loading kmlist
Generating contigs...
Contigs generated: 5736
/global/u1/r/rbarnes/cs267/hw3/src/./pgen: Input set: /scratch2/scratchdirs/rbarnes/data/test
Number of UPC threads: 8
Input reading time: 0.604294 seconds
Graph traversal time: 0.232968 seconds
Kmlist offload: 0.291493 seconds
Total time: 1.128799s
UPCR: UPC thread 0 of 9 on nid00091 (pshm node 0 of 1, process 0 of 9, pid=39022)
UPCR: UPC thread 1 of 9 on nid00091 (pshm node 0 of 1, process 1 of 9, pid=39023)
UPCR: UPC thread 2 of 9 on nid00091 (pshm node 0 of 1, process 2 of 9, pid=39024)
UPCR: UPC thread 3 of 9 on nid00091 (pshm node 0 of 1, process 3 of 9, pid=39025)
UPCR: UPC thread 4 of 9 on nid00091 (pshm node 0 of 1, process 4 of 9, pid=39026)
UPCR: UPC thread 5 of 9 on nid00091 (pshm node 0 of 1, process 5 of 9, pid=39027)
UPCR: UPC thread 6 of 9 on nid00091 (pshm node 0 of 1, process 6 of 9, pid=39028)
UPCR: UPC thread 7 of 9 on nid00091 (pshm node 0 of 1, process 7 of 9, pid=39029)
UPCR: UPC thread 8 of 9 on nid00091 (pshm node 0 of 1, process 8 of 9, pid=39030)
Loading kmlist
Loading kmlist
Loading kmlist
Loading kmlist
Loading kmlist
Loading kmlist
Loading kmlist
Loading kmlist
Line length: 23
Kmer count:  4514197
Kmer length: 19
Initializing hash table
Reading file
Loading kmlist
Generating contigs...
Contigs generated: 5736
/global/u1/r/rbarnes/cs267/hw3/src/./pgen: Input set: /scratch2/scratchdirs/rbarnes/data/test
Number of UPC threads: 9
Input reading time: 0.568785 seconds
Graph traversal time: 0.335423 seconds
Kmlist offload: 0.306466 seconds
Total time: 1.210735s
UPCR: UPC thread 0 of 10 on nid00091 (pshm node 0 of 1, process  0 of 10, pid=39155)
UPCR: UPC thread 3 of 10 on nid00091 (pshm node 0 of 1, process  3 of 10, pid=39158)
UPCR: UPC thread 4 of 10 on nid00091 (pshm node 0 of 1, process  4 of 10, pid=39159)
UPCR: UPC thread 6 of 10 on nid00091 (pshm node 0 of 1, process  6 of 10, pid=39161)
UPCR: UPC thread 7 of 10 on nid00091 (pshm node 0 of 1, process  7 of 10, pid=39162)
UPCR: UPC thread 8 of 10 on nid00091 (pshm node 0 of 1, process  8 of 10, pid=39163)
UPCR: UPC thread 9 of 10 on nid00091 (pshm node 0 of 1, process  9 of 10, pid=39164)
UPCR: UPC thread 1 of 10 on nid00091 (pshm node 0 of 1, process  1 of 10, pid=39156)
UPCR: UPC thread 2 of 10 on nid00091 (pshm node 0 of 1, process  2 of 10, pid=39157)
UPCR: UPC thread 5 of 10 on nid00091 (pshm node 0 of 1, process  5 of 10, pid=39160)
Loading kmlist
Loading kmlist
Loading kmlist
Loading kmlist
Loading kmlist
Loading kmlist
Loading kmlist
Loading kmlist
Loading kmlist
Line length: 23
Kmer count:  4514197
Kmer length: 19
Initializing hash table
Reading file
Loading kmlist
Generating contigs...
Contigs generated: 5736
/global/u1/r/rbarnes/cs267/hw3/src/./pgen: Input set: /scratch2/scratchdirs/rbarnes/data/test
Number of UPC threads: 10
Input reading time: 0.550545 seconds
Graph traversal time: 0.188835 seconds
Kmlist offload: 0.263493 seconds
Total time: 1.002928s
UPCR: UPC thread  0 of 11 on nid00091 (pshm node 0 of 1, process  0 of 11, pid=39291)
UPCR: UPC thread  1 of 11 on nid00091 (pshm node 0 of 1, process  1 of 11, pid=39292)
UPCR: UPC thread  2 of 11 on nid00091 (pshm node 0 of 1, process  2 of 11, pid=39293)
UPCR: UPC thread  3 of 11 on nid00091 (pshm node 0 of 1, process  3 of 11, pid=39294)
UPCR: UPC thread  4 of 11 on nid00091 (pshm node 0 of 1, process  4 of 11, pid=39295)
UPCR: UPC thread  5 of 11 on nid00091 (pshm node 0 of 1, process  5 of 11, pid=39296)
UPCR: UPC thread  6 of 11 on nid00091 (pshm node 0 of 1, process  6 of 11, pid=39297)
UPCR: UPC thread  8 of 11 on nid00091 (pshm node 0 of 1, process  8 of 11, pid=39299)
UPCR: UPC thread  9 of 11 on nid00091 (pshm node 0 of 1, process  9 of 11, pid=39300)
UPCR: UPC thread 10 of 11 on nid00091 (pshm node 0 of 1, process 10 of 11, pid=39301)
UPCR: UPC thread  7 of 11 on nid00091 (pshm node 0 of 1, process  7 of 11, pid=39298)
Loading kmlist
Loading kmlist
Loading kmlist
Loading kmlist
Loading kmlist
Loading kmlist
Loading kmlist
Loading kmlist
Loading kmlist
Loading kmlist
Line length: 23
Kmer count:  4514197
Kmer length: 19
Initializing hash table
Reading file
Loading kmlist
Generating contigs...
Contigs generated: 5736
/global/u1/r/rbarnes/cs267/hw3/src/./pgen: Input set: /scratch2/scratchdirs/rbarnes/data/test
Number of UPC threads: 11
Input reading time: 0.525171 seconds
Graph traversal time: 0.174104 seconds
Kmlist offload: 0.255074 seconds
Total time: 0.954405s
UPCR: UPC thread  0 of 12 on nid00091 (pshm node 0 of 1, process  0 of 12, pid=39426)
UPCR: UPC thread  1 of 12 on nid00091 (pshm node 0 of 1, process  1 of 12, pid=39427)
UPCR: UPC thread  2 of 12 on nid00091 (pshm node 0 of 1, process  2 of 12, pid=39428)
UPCR: UPC thread  3 of 12 on nid00091 (pshm node 0 of 1, process  3 of 12, pid=39429)
UPCR: UPC thread  4 of 12 on nid00091 (pshm node 0 of 1, process  4 of 12, pid=39430)
UPCR: UPC thread  5 of 12 on nid00091 (pshm node 0 of 1, process  5 of 12, pid=39431)
UPCR: UPC thread  6 of 12 on nid00091 (pshm node 0 of 1, process  6 of 12, pid=39432)
UPCR: UPC thread  7 of 12 on nid00091 (pshm node 0 of 1, process  7 of 12, pid=39433)
UPCR: UPC thread  8 of 12 on nid00091 (pshm node 0 of 1, process  8 of 12, pid=39434)
UPCR: UPC thread  9 of 12 on nid00091 (pshm node 0 of 1, process  9 of 12, pid=39435)
UPCR: UPC thread 10 of 12 on nid00091 (pshm node 0 of 1, process 10 of 12, pid=39436)
UPCR: UPC thread 11 of 12 on nid00091 (pshm node 0 of 1, process 11 of 12, pid=39437)
Loading kmlist
Loading kmlist
Loading kmlist
Loading kmlist
Loading kmlist
Loading kmlist
Loading kmlist
Line length: 23
Kmer count:  4514197
Kmer length: 19
Initializing hash table
Reading file
Loading kmlist
Generating contigs...
Contigs generated: 5736
/global/u1/r/rbarnes/cs267/hw3/src/./pgen: Input set: /scratch2/scratchdirs/rbarnes/data/test
Number of UPC threads: 12
Input reading time: 0.502875 seconds
Graph traversal time: 0.195504 seconds
Kmlist offload: 0.270575 seconds
Total time: 0.969018s
Loading kmlist
Loading kmlist
Loading kmlist
Loading kmlist
UPCR: UPC thread  0 of 13 on nid00091 (pshm node 0 of 1, process  0 of 13, pid=39629)
UPCR: UPC thread  1 of 13 on nid00091 (pshm node 0 of 1, process  1 of 13, pid=39630)
UPCR: UPC thread  3 of 13 on nid00091 (pshm node 0 of 1, process  3 of 13, pid=39632)
UPCR: UPC thread  4 of 13 on nid00091 (pshm node 0 of 1, process  4 of 13, pid=39633)
UPCR: UPC thread  5 of 13 on nid00091 (pshm node 0 of 1, process  5 of 13, pid=39634)
UPCR: UPC thread  6 of 13 on nid00091 (pshm node 0 of 1, process  6 of 13, pid=39635)
UPCR: UPC thread  7 of 13 on nid00091 (pshm node 0 of 1, process  7 of 13, pid=39636)
UPCR: UPC thread  8 of 13 on nid00091 (pshm node 0 of 1, process  8 of 13, pid=39637)
UPCR: UPC thread  9 of 13 on nid00091 (pshm node 0 of 1, process  9 of 13, pid=39638)
UPCR: UPC thread 10 of 13 on nid00091 (pshm node 0 of 1, process 10 of 13, pid=39639)
UPCR: UPC thread 11 of 13 on nid00091 (pshm node 0 of 1, process 11 of 13, pid=39640)
UPCR: UPC thread  2 of 13 on nid00091 (pshm node 0 of 1, process  2 of 13, pid=39631)
UPCR: UPC thread 12 of 13 on nid00091 (pshm node 0 of 1, process 12 of 13, pid=39641)
Loading kmlist
Loading kmlist
Loading kmlist
Loading kmlist
Loading kmlist
Loading kmlist
Loading kmlist
Loading kmlist
Loading kmlist
Loading kmlist
Loading kmlist
Loading kmlist
Line length: 23
Kmer count:  4514197
Kmer length: 19
Initializing hash table
Reading file
Loading kmlist
Generating contigs...
Contigs generated: 5736
/global/u1/r/rbarnes/cs267/hw3/src/./pgen: Input set: /scratch2/scratchdirs/rbarnes/data/test
Number of UPC threads: 13
Input reading time: 0.480289 seconds
Graph traversal time: 0.152067 seconds
Kmlist offload: 0.981698 seconds
Total time: 1.614120s
UPCR: UPC thread  0 of 14 on nid00091 (pshm node 0 of 1, process  0 of 14, pid=39857)
UPCR: UPC thread  8 of 14 on nid00091 (pshm node 0 of 1, process  8 of 14, pid=39865)
UPCR: UPC thread  9 of 14 on nid00091 (pshm node 0 of 1, process  9 of 14, pid=39866)
UPCR: UPC thread 11 of 14 on nid00091 (pshm node 0 of 1, process 11 of 14, pid=39868)
UPCR: UPC thread 13 of 14 on nid00091 (pshm node 0 of 1, process 13 of 14, pid=39870)
UPCR: UPC thread  1 of 14 on nid00091 (pshm node 0 of 1, process  1 of 14, pid=39858)
UPCR: UPC thread  2 of 14 on nid00091 (pshm node 0 of 1, process  2 of 14, pid=39859)
UPCR: UPC thread  3 of 14 on nid00091 (pshm node 0 of 1, process  3 of 14, pid=39860)
UPCR: UPC thread  4 of 14 on nid00091 (pshm node 0 of 1, process  4 of 14, pid=39861)
UPCR: UPC thread  5 of 14 on nid00091 (pshm node 0 of 1, process  5 of 14, pid=39862)
UPCR: UPC thread  6 of 14 on nid00091 (pshm node 0 of 1, process  6 of 14, pid=39863)
UPCR: UPC thread  7 of 14 on nid00091 (pshm node 0 of 1, process  7 of 14, pid=39864)
UPCR: UPC thread 10 of 14 on nid00091 (pshm node 0 of 1, process 10 of 14, pid=39867)
UPCR: UPC thread 12 of 14 on nid00091 (pshm node 0 of 1, process 12 of 14, pid=39869)
Loading kmlist
Loading kmlist
Loading kmlist
Loading kmlist
Loading kmlist
Loading kmlist
Loading kmlist
Loading kmlist
Loading kmlist
Loading kmlist
Loading kmlist
Loading kmlist
Loading kmlist
Line length: 23
Kmer count:  4514197
Kmer length: 19
Initializing hash table
Reading file
Loading kmlist
Generating contigs...
Contigs generated: 5736
/global/u1/r/rbarnes/cs267/hw3/src/./pgen: Input set: /scratch2/scratchdirs/rbarnes/data/test
Number of UPC threads: 14
Input reading time: 0.467664 seconds
Graph traversal time: 0.144186 seconds
Kmlist offload: 0.234839 seconds
Total time: 0.846768s
UPCR: UPC thread  0 of 15 on nid00091 (pshm node 0 of 1, process  0 of 15, pid=40018)
UPCR: UPC thread  4 of 15 on nid00091 (pshm node 0 of 1, process  4 of 15, pid=40022)
UPCR: UPC thread  5 of 15 on nid00091 (pshm node 0 of 1, process  5 of 15, pid=40023)
UPCR: UPC thread 10 of 15 on nid00091 (pshm node 0 of 1, process 10 of 15, pid=40028)
UPCR: UPC thread 14 of 15 on nid00091 (pshm node 0 of 1, process 14 of 15, pid=40032)
UPCR: UPC thread  1 of 15 on nid00091 (pshm node 0 of 1, process  1 of 15, pid=40019)
UPCR: UPC thread  2 of 15 on nid00091 (pshm node 0 of 1, process  2 of 15, pid=40020)
UPCR: UPC thread  3 of 15 on nid00091 (pshm node 0 of 1, process  3 of 15, pid=40021)
UPCR: UPC thread  6 of 15 on nid00091 (pshm node 0 of 1, process  6 of 15, pid=40024)
UPCR: UPC thread  7 of 15 on nid00091 (pshm node 0 of 1, process  7 of 15, pid=40025)
UPCR: UPC thread  8 of 15 on nid00091 (pshm node 0 of 1, process  8 of 15, pid=40026)
UPCR: UPC thread  9 of 15 on nid00091 (pshm node 0 of 1, process  9 of 15, pid=40027)
UPCR: UPC thread 11 of 15 on nid00091 (pshm node 0 of 1, process 11 of 15, pid=40029)
UPCR: UPC thread 12 of 15 on nid00091 (pshm node 0 of 1, process 12 of 15, pid=40030)
UPCR: UPC thread 13 of 15 on nid00091 (pshm node 0 of 1, process 13 of 15, pid=40031)
Loading kmlist
Loading kmlist
Loading kmlist
Loading kmlist
Loading kmlist
Loading kmlist
Loading kmlist
Line length: 23
Kmer count:  4514197
Kmer length: 19
Initializing hash table
Reading file
Loading kmlist
Generating contigs...
Contigs generated: 5736
/global/u1/r/rbarnes/cs267/hw3/src/./pgen: Input set: /scratch2/scratchdirs/rbarnes/data/test
Number of UPC threads: 15
Input reading time: 0.463779 seconds
Graph traversal time: 0.167117 seconds
Kmlist offload: 0.214376 seconds
Total time: 0.845361s
Loading kmlist
Loading kmlist
Loading kmlist
Loading kmlist
Loading kmlist
Loading kmlist
Loading kmlist
UPCR: UPC thread  0 of 16 on nid00091 (pshm node 0 of 1, process  0 of 16, pid=40249)
UPCR: UPC thread  4 of 16 on nid00091 (pshm node 0 of 1, process  4 of 16, pid=40253)
UPCR: UPC thread  5 of 16 on nid00091 (pshm node 0 of 1, process  5 of 16, pid=40254)
UPCR: UPC thread 13 of 16 on nid00091 (pshm node 0 of 1, process 13 of 16, pid=40262)
UPCR: UPC thread 14 of 16 on nid00091 (pshm node 0 of 1, process 14 of 16, pid=40263)
UPCR: UPC thread  1 of 16 on nid00091 (pshm node 0 of 1, process  1 of 16, pid=40250)
UPCR: UPC thread  2 of 16 on nid00091 (pshm node 0 of 1, process  2 of 16, pid=40251)
UPCR: UPC thread  3 of 16 on nid00091 (pshm node 0 of 1, process  3 of 16, pid=40252)
UPCR: UPC thread  6 of 16 on nid00091 (pshm node 0 of 1, process  6 of 16, pid=40255)
UPCR: UPC thread  7 of 16 on nid00091 (pshm node 0 of 1, process  7 of 16, pid=40256)
UPCR: UPC thread  8 of 16 on nid00091 (pshm node 0 of 1, process  8 of 16, pid=40257)
UPCR: UPC thread  9 of 16 on nid00091 (pshm node 0 of 1, process  9 of 16, pid=40258)
UPCR: UPC thread 10 of 16 on nid00091 (pshm node 0 of 1, process 10 of 16, pid=40259)
UPCR: UPC thread 11 of 16 on nid00091 (pshm node 0 of 1, process 11 of 16, pid=40260)
UPCR: UPC thread 12 of 16 on nid00091 (pshm node 0 of 1, process 12 of 16, pid=40261)
UPCR: UPC thread 15 of 16 on nid00091 (pshm node 0 of 1, process 15 of 16, pid=40264)
Loading kmlist
Loading kmlist
Loading kmlist
Loading kmlist
Line length: 23
Kmer count:  4514197
Kmer length: 19
Initializing hash table
Reading file
Loading kmlist
Generating contigs...
Contigs generated: 5736
/global/u1/r/rbarnes/cs267/hw3/src/./pgen: Input set: /scratch2/scratchdirs/rbarnes/data/test
Number of UPC threads: 16
Input reading time: 0.439562 seconds
Graph traversal time: 0.131118 seconds
Kmlist offload: 0.236911 seconds
Total time: 0.807667s
Loading kmlist
Loading kmlist
Loading kmlist
Loading kmlist
Loading kmlist
Loading kmlist
Loading kmlist
Loading kmlist
Loading kmlist
Loading kmlist
Loading kmlist
UPCR: UPC thread  0 of 17 on nid00091 (pshm node 0 of 1, process  0 of 17, pid=40401)
UPCR: UPC thread  1 of 17 on nid00091 (pshm node 0 of 1, process  1 of 17, pid=40402)
UPCR: UPC thread  2 of 17 on nid00091 (pshm node 0 of 1, process  2 of 17, pid=40403)
UPCR: UPC thread  3 of 17 on nid00091 (pshm node 0 of 1, process  3 of 17, pid=40404)
UPCR: UPC thread  4 of 17 on nid00091 (pshm node 0 of 1, process  4 of 17, pid=40405)
UPCR: UPC thread  5 of 17 on nid00091 (pshm node 0 of 1, process  5 of 17, pid=40406)
UPCR: UPC thread  6 of 17 on nid00091 (pshm node 0 of 1, process  6 of 17, pid=40407)
UPCR: UPC thread  7 of 17 on nid00091 (pshm node 0 of 1, process  7 of 17, pid=40408)
UPCR: UPC thread  8 of 17 on nid00091 (pshm node 0 of 1, process  8 of 17, pid=40409)
UPCR: UPC thread  9 of 17 on nid00091 (pshm node 0 of 1, process  9 of 17, pid=40410)
UPCR: UPC thread 10 of 17 on nid00091 (pshm node 0 of 1, process 10 of 17, pid=40411)
UPCR: UPC thread 11 of 17 on nid00091 (pshm node 0 of 1, process 11 of 17, pid=40412)
UPCR: UPC thread 12 of 17 on nid00091 (pshm node 0 of 1, process 12 of 17, pid=40413)
UPCR: UPC thread 13 of 17 on nid00091 (pshm node 0 of 1, process 13 of 17, pid=40414)
UPCR: UPC thread 14 of 17 on nid00091 (pshm node 0 of 1, process 14 of 17, pid=40415)
UPCR: UPC thread 15 of 17 on nid00091 (pshm node 0 of 1, process 15 of 17, pid=40416)
UPCR: UPC thread 16 of 17 on nid00091 (pshm node 0 of 1, process 16 of 17, pid=40417)
Loading kmlist
Loading kmlist
Loading kmlist
Loading kmlist
Loading kmlist
Loading kmlist
Loading kmlist
Loading kmlist
Line length: 23
Kmer count:  4514197
Kmer length: 19
Initializing hash table
Reading file
Loading kmlist
Generating contigs...
Contigs generated: 5736
/global/u1/r/rbarnes/cs267/hw3/src/./pgen: Input set: /scratch2/scratchdirs/rbarnes/data/test
Number of UPC threads: 17
Input reading time: 0.457659 seconds
Graph traversal time: 0.127717 seconds
Kmlist offload: 0.229127 seconds
Total time: 0.814617s
Loading kmlist
Loading kmlist
Loading kmlist
Loading kmlist
Loading kmlist
Loading kmlist
Loading kmlist
Loading kmlist
UPCR: UPC thread  1 of 18 on nid00091 (pshm node 0 of 1, process  1 of 18, pid=40562)
UPCR: UPC thread  2 of 18 on nid00091 (pshm node 0 of 1, process  2 of 18, pid=40563)
UPCR: UPC thread  6 of 18 on nid00091 (pshm node 0 of 1, process  6 of 18, pid=40567)
UPCR: UPC thread  8 of 18 on nid00091 (pshm node 0 of 1, process  8 of 18, pid=40569)
UPCR: UPC thread 10 of 18 on nid00091 (pshm node 0 of 1, process 10 of 18, pid=40571)
UPCR: UPC thread 12 of 18 on nid00091 (pshm node 0 of 1, process 12 of 18, pid=40573)
UPCR: UPC thread 13 of 18 on nid00091 (pshm node 0 of 1, process 13 of 18, pid=40574)
UPCR: UPC thread 14 of 18 on nid00091 (pshm node 0 of 1, process 14 of 18, pid=40575)
UPCR: UPC thread 15 of 18 on nid00091 (pshm node 0 of 1, process 15 of 18, pid=40576)
UPCR: UPC thread 16 of 18 on nid00091 (pshm node 0 of 1, process 16 of 18, pid=40577)
UPCR: UPC thread 17 of 18 on nid00091 (pshm node 0 of 1, process 17 of 18, pid=40578)
UPCR: UPC thread  0 of 18 on nid00091 (pshm node 0 of 1, process  0 of 18, pid=40561)
UPCR: UPC thread  3 of 18 on nid00091 (pshm node 0 of 1, process  3 of 18, pid=40564)
UPCR: UPC thread  4 of 18 on nid00091 (pshm node 0 of 1, process  4 of 18, pid=40565)
UPCR: UPC thread  5 of 18 on nid00091 (pshm node 0 of 1, process  5 of 18, pid=40566)
UPCR: UPC thread  7 of 18 on nid00091 (pshm node 0 of 1, process  7 of 18, pid=40568)
UPCR: UPC thread  9 of 18 on nid00091 (pshm node 0 of 1, process  9 of 18, pid=40570)
UPCR: UPC thread 11 of 18 on nid00091 (pshm node 0 of 1, process 11 of 18, pid=40572)
Loading kmlist
Loading kmlist
Loading kmlist
Loading kmlist
Loading kmlist
Loading kmlist
Loading kmlist
Line length: 23
Kmer count:  4514197
Kmer length: 19
Initializing hash table
Reading file
Loading kmlist
Generating contigs...
Contigs generated: 5736
/global/u1/r/rbarnes/cs267/hw3/src/./pgen: Input set: /scratch2/scratchdirs/rbarnes/data/test
Number of UPC threads: 18
Input reading time: 0.438119 seconds
Graph traversal time: 0.126734 seconds
Kmlist offload: 0.229584 seconds
Total time: 0.794547s
Loading kmlist
Loading kmlist
Loading kmlist
Loading kmlist
Loading kmlist
Loading kmlist
Loading kmlist
Loading kmlist
Loading kmlist
Loading kmlist
UPCR: UPC thread  0 of 19 on nid00091 (pshm node 0 of 1, process  0 of 19, pid=40807)
UPCR: UPC thread 10 of 19 on nid00091 (pshm node 0 of 1, process 10 of 19, pid=40817)
UPCR: UPC thread 14 of 19 on nid00091 (pshm node 0 of 1, process 14 of 19, pid=40821)
UPCR: UPC thread 15 of 19 on nid00091 (pshm node 0 of 1, process 15 of 19, pid=40822)
UPCR: UPC thread 17 of 19 on nid00091 (pshm node 0 of 1, process 17 of 19, pid=40824)
UPCR: UPC thread 18 of 19 on nid00091 (pshm node 0 of 1, process 18 of 19, pid=40825)
UPCR: UPC thread  1 of 19 on nid00091 (pshm node 0 of 1, process  1 of 19, pid=40808)
UPCR: UPC thread  2 of 19 on nid00091 (pshm node 0 of 1, process  2 of 19, pid=40809)
UPCR: UPC thread  3 of 19 on nid00091 (pshm node 0 of 1, process  3 of 19, pid=40810)
UPCR: UPC thread  4 of 19 on nid00091 (pshm node 0 of 1, process  4 of 19, pid=40811)
UPCR: UPC thread  5 of 19 on nid00091 (pshm node 0 of 1, process  5 of 19, pid=40812)
UPCR: UPC thread  6 of 19 on nid00091 (pshm node 0 of 1, process  6 of 19, pid=40813)
UPCR: UPC thread  7 of 19 on nid00091 (pshm node 0 of 1, process  7 of 19, pid=40814)
UPCR: UPC thread  8 of 19 on nid00091 (pshm node 0 of 1, process  8 of 19, pid=40815)
UPCR: UPC thread  9 of 19 on nid00091 (pshm node 0 of 1, process  9 of 19, pid=40816)
UPCR: UPC thread 11 of 19 on nid00091 (pshm node 0 of 1, process 11 of 19, pid=40818)
UPCR: UPC thread 12 of 19 on nid00091 (pshm node 0 of 1, process 12 of 19, pid=40819)
UPCR: UPC thread 13 of 19 on nid00091 (pshm node 0 of 1, process 13 of 19, pid=40820)
UPCR: UPC thread 16 of 19 on nid00091 (pshm node 0 of 1, process 16 of 19, pid=40823)
Loading kmlist
Loading kmlist
Loading kmlist
Loading kmlist
Line length: 23
Kmer count:  4514197
Kmer length: 19
Initializing hash table
Reading file
Loading kmlist
Generating contigs...
Contigs generated: 5736
/global/u1/r/rbarnes/cs267/hw3/src/./pgen: Input set: /scratch2/scratchdirs/rbarnes/data/test
Number of UPC threads: 19
Input reading time: 0.440773 seconds
Graph traversal time: 0.130620 seconds
Kmlist offload: 0.258722 seconds
Total time: 0.830216s
Loading kmlist
Loading kmlist
Loading kmlist
Loading kmlist
Loading kmlist
Loading kmlist
Loading kmlist
Loading kmlist
Loading kmlist
Loading kmlist
Loading kmlist
Loading kmlist
Loading kmlist
Loading kmlist
UPCR: UPC thread  0 of 20 on nid00091 (pshm node 0 of 1, process  0 of 20, pid=41074)
UPCR: UPC thread  6 of 20 on nid00091 (pshm node 0 of 1, process  6 of 20, pid=41080)
UPCR: UPC thread 10 of 20 on nid00091 (pshm node 0 of 1, process 10 of 20, pid=41084)
UPCR: UPC thread  1 of 20 on nid00091 (pshm node 0 of 1, process  1 of 20, pid=41075)
UPCR: UPC thread  2 of 20 on nid00091 (pshm node 0 of 1, process  2 of 20, pid=41076)
UPCR: UPC thread  3 of 20 on nid00091 (pshm node 0 of 1, process  3 of 20, pid=41077)
UPCR: UPC thread  4 of 20 on nid00091 (pshm node 0 of 1, process  4 of 20, pid=41078)
UPCR: UPC thread  5 of 20 on nid00091 (pshm node 0 of 1, process  5 of 20, pid=41079)
UPCR: UPC thread  7 of 20 on nid00091 (pshm node 0 of 1, process  7 of 20, pid=41081)
UPCR: UPC thread  8 of 20 on nid00091 (pshm node 0 of 1, process  8 of 20, pid=41082)
UPCR: UPC thread  9 of 20 on nid00091 (pshm node 0 of 1, process  9 of 20, pid=41083)
UPCR: UPC thread 11 of 20 on nid00091 (pshm node 0 of 1, process 11 of 20, pid=41085)
UPCR: UPC thread 12 of 20 on nid00091 (pshm node 0 of 1, process 12 of 20, pid=41086)
UPCR: UPC thread 13 of 20 on nid00091 (pshm node 0 of 1, process 13 of 20, pid=41087)
UPCR: UPC thread 14 of 20 on nid00091 (pshm node 0 of 1, process 14 of 20, pid=41088)
UPCR: UPC thread 15 of 20 on nid00091 (pshm node 0 of 1, process 15 of 20, pid=41089)
UPCR: UPC thread 16 of 20 on nid00091 (pshm node 0 of 1, process 16 of 20, pid=41090)
UPCR: UPC thread 17 of 20 on nid00091 (pshm node 0 of 1, process 17 of 20, pid=41091)
UPCR: UPC thread 18 of 20 on nid00091 (pshm node 0 of 1, process 18 of 20, pid=41092)
UPCR: UPC thread 19 of 20 on nid00091 (pshm node 0 of 1, process 19 of 20, pid=41093)
Loading kmlist
Loading kmlist
Loading kmlist
Loading kmlist
Loading kmlist
Loading kmlist
Line length: 23
Kmer count:  4514197
Kmer length: 19
Initializing hash table
Reading file
Loading kmlist
Generating contigs...
Contigs generated: 5736
/global/u1/r/rbarnes/cs267/hw3/src/./pgen: Input set: /scratch2/scratchdirs/rbarnes/data/test
Number of UPC threads: 20
Input reading time: 0.421887 seconds
Graph traversal time: 0.118744 seconds
Kmlist offload: 0.225287 seconds
Total time: 0.766032s
Loading kmlist
Loading kmlist
Loading kmlist
Loading kmlist
Loading kmlist
Loading kmlist
Loading kmlist
Loading kmlist
Loading kmlist
Loading kmlist
Loading kmlist
Loading kmlist
Loading kmlist
UPCR: UPC thread  0 of 21 on nid00091 (pshm node 0 of 1, process  0 of 21, pid=41242)
UPCR: UPC thread  2 of 21 on nid00091 (pshm node 0 of 1, process  2 of 21, pid=41244)
UPCR: UPC thread  4 of 21 on nid00091 (pshm node 0 of 1, process  4 of 21, pid=41246)
UPCR: UPC thread  8 of 21 on nid00091 (pshm node 0 of 1, process  8 of 21, pid=41250)
UPCR: UPC thread  9 of 21 on nid00091 (pshm node 0 of 1, process  9 of 21, pid=41251)
UPCR: UPC thread 10 of 21 on nid00091 (pshm node 0 of 1, process 10 of 21, pid=41252)
UPCR: UPC thread 13 of 21 on nid00091 (pshm node 0 of 1, process 13 of 21, pid=41255)
UPCR: UPC thread 14 of 21 on nid00091 (pshm node 0 of 1, process 14 of 21, pid=41256)
UPCR: UPC thread 16 of 21 on nid00091 (pshm node 0 of 1, process 16 of 21, pid=41258)
UPCR: UPC thread 19 of 21 on nid00091 (pshm node 0 of 1, process 19 of 21, pid=41261)
UPCR: UPC thread  1 of 21 on nid00091 (pshm node 0 of 1, process  1 of 21, pid=41243)
UPCR: UPC thread  3 of 21 on nid00091 (pshm node 0 of 1, process  3 of 21, pid=41245)
UPCR: UPC thread  5 of 21 on nid00091 (pshm node 0 of 1, process  5 of 21, pid=41247)
UPCR: UPC thread  6 of 21 on nid00091 (pshm node 0 of 1, process  6 of 21, pid=41248)
UPCR: UPC thread  7 of 21 on nid00091 (pshm node 0 of 1, process  7 of 21, pid=41249)
UPCR: UPC thread 11 of 21 on nid00091 (pshm node 0 of 1, process 11 of 21, pid=41253)
UPCR: UPC thread 12 of 21 on nid00091 (pshm node 0 of 1, process 12 of 21, pid=41254)
UPCR: UPC thread 15 of 21 on nid00091 (pshm node 0 of 1, process 15 of 21, pid=41257)
UPCR: UPC thread 17 of 21 on nid00091 (pshm node 0 of 1, process 17 of 21, pid=41259)
UPCR: UPC thread 18 of 21 on nid00091 (pshm node 0 of 1, process 18 of 21, pid=41260)
UPCR: UPC thread 20 of 21 on nid00091 (pshm node 0 of 1, process 20 of 21, pid=41262)
Loading kmlist
Loading kmlist
Loading kmlist
Loading kmlist
Loading kmlist
Line length: 23
Kmer count:  4514197
Kmer length: 19
Initializing hash table
Reading file
Loading kmlist
Generating contigs...
Contigs generated: 5736
/global/u1/r/rbarnes/cs267/hw3/src/./pgen: Input set: /scratch2/scratchdirs/rbarnes/data/test
Number of UPC threads: 21
Input reading time: 0.415138 seconds
Graph traversal time: 0.117825 seconds
Kmlist offload: 0.228718 seconds
Total time: 0.761786s
Loading kmlist
Loading kmlist
Loading kmlist
Loading kmlist
Loading kmlist
Loading kmlist
Loading kmlist
Loading kmlist
Loading kmlist
Loading kmlist
Loading kmlist
Loading kmlist
Loading kmlist
Loading kmlist
Loading kmlist
UPCR: UPC thread  0 of 22 on nid00091 (pshm node 0 of 1, process  0 of 22, pid=41579)
UPCR: UPC thread  1 of 22 on nid00091 (pshm node 0 of 1, process  1 of 22, pid=41580)
UPCR: UPC thread  6 of 22 on nid00091 (pshm node 0 of 1, process  6 of 22, pid=41585)
UPCR: UPC thread  9 of 22 on nid00091 (pshm node 0 of 1, process  9 of 22, pid=41588)
UPCR: UPC thread 12 of 22 on nid00091 (pshm node 0 of 1, process 12 of 22, pid=41591)
UPCR: UPC thread 17 of 22 on nid00091 (pshm node 0 of 1, process 17 of 22, pid=41596)
UPCR: UPC thread 18 of 22 on nid00091 (pshm node 0 of 1, process 18 of 22, pid=41597)
UPCR: UPC thread 19 of 22 on nid00091 (pshm node 0 of 1, process 19 of 22, pid=41598)
UPCR: UPC thread  2 of 22 on nid00091 (pshm node 0 of 1, process  2 of 22, pid=41581)
UPCR: UPC thread  3 of 22 on nid00091 (pshm node 0 of 1, process  3 of 22, pid=41582)
UPCR: UPC thread  4 of 22 on nid00091 (pshm node 0 of 1, process  4 of 22, pid=41583)
UPCR: UPC thread  5 of 22 on nid00091 (pshm node 0 of 1, process  5 of 22, pid=41584)
UPCR: UPC thread  7 of 22 on nid00091 (pshm node 0 of 1, process  7 of 22, pid=41586)
UPCR: UPC thread  8 of 22 on nid00091 (pshm node 0 of 1, process  8 of 22, pid=41587)
UPCR: UPC thread 10 of 22 on nid00091 (pshm node 0 of 1, process 10 of 22, pid=41589)
UPCR: UPC thread 11 of 22 on nid00091 (pshm node 0 of 1, process 11 of 22, pid=41590)
UPCR: UPC thread 13 of 22 on nid00091 (pshm node 0 of 1, process 13 of 22, pid=41592)
UPCR: UPC thread 14 of 22 on nid00091 (pshm node 0 of 1, process 14 of 22, pid=41593)
UPCR: UPC thread 15 of 22 on nid00091 (pshm node 0 of 1, process 15 of 22, pid=41594)
UPCR: UPC thread 16 of 22 on nid00091 (pshm node 0 of 1, process 16 of 22, pid=41595)
UPCR: UPC thread 20 of 22 on nid00091 (pshm node 0 of 1, process 20 of 22, pid=41599)
UPCR: UPC thread 21 of 22 on nid00091 (pshm node 0 of 1, process 21 of 22, pid=41600)
Loading kmlist
Loading kmlist
Loading kmlist
Loading kmlist
Loading kmlist
Loading kmlist
Loading kmlist
Loading kmlist
Loading kmlist
Line length: 23
Kmer count:  4514197
Kmer length: 19
Initializing hash table
Reading file
Loading kmlist
Generating contigs...
Contigs generated: 5736
/global/u1/r/rbarnes/cs267/hw3/src/./pgen: Input set: /scratch2/scratchdirs/rbarnes/data/test
Number of UPC threads: 22
Input reading time: 0.383888 seconds
Graph traversal time: 0.116554 seconds
Kmlist offload: 0.268374 seconds
Total time: 0.768935s
Loading kmlist
Loading kmlist
Loading kmlist
Loading kmlist
Loading kmlist
Loading kmlist
Loading kmlist
Loading kmlist
Loading kmlist
Loading kmlist
Loading kmlist
Loading kmlist
UPCR: UPC thread  0 of 23 on nid00091 (pshm node 0 of 1, process  0 of 23, pid=41759)
UPCR: UPC thread  8 of 23 on nid00091 (pshm node 0 of 1, process  8 of 23, pid=41767)
UPCR: UPC thread 17 of 23 on nid00091 (pshm node 0 of 1, process 17 of 23, pid=41776)
UPCR: UPC thread 20 of 23 on nid00091 (pshm node 0 of 1, process 20 of 23, pid=41779)
UPCR: UPC thread 21 of 23 on nid00091 (pshm node 0 of 1, process 21 of 23, pid=41780)
UPCR: UPC thread 22 of 23 on nid00091 (pshm node 0 of 1, process 22 of 23, pid=41781)
UPCR: UPC thread  1 of 23 on nid00091 (pshm node 0 of 1, process  1 of 23, pid=41760)
UPCR: UPC thread  2 of 23 on nid00091 (pshm node 0 of 1, process  2 of 23, pid=41761)
UPCR: UPC thread  3 of 23 on nid00091 (pshm node 0 of 1, process  3 of 23, pid=41762)
UPCR: UPC thread  4 of 23 on nid00091 (pshm node 0 of 1, process  4 of 23, pid=41763)
UPCR: UPC thread  5 of 23 on nid00091 (pshm node 0 of 1, process  5 of 23, pid=41764)
UPCR: UPC thread  6 of 23 on nid00091 (pshm node 0 of 1, process  6 of 23, pid=41765)
UPCR: UPC thread  7 of 23 on nid00091 (pshm node 0 of 1, process  7 of 23, pid=41766)
UPCR: UPC thread  9 of 23 on nid00091 (pshm node 0 of 1, process  9 of 23, pid=41768)
UPCR: UPC thread 10 of 23 on nid00091 (pshm node 0 of 1, process 10 of 23, pid=41769)
UPCR: UPC thread 11 of 23 on nid00091 (pshm node 0 of 1, process 11 of 23, pid=41770)
UPCR: UPC thread 12 of 23 on nid00091 (pshm node 0 of 1, process 12 of 23, pid=41771)
UPCR: UPC thread 13 of 23 on nid00091 (pshm node 0 of 1, process 13 of 23, pid=41772)
UPCR: UPC thread 14 of 23 on nid00091 (pshm node 0 of 1, process 14 of 23, pid=41773)
UPCR: UPC thread 15 of 23 on nid00091 (pshm node 0 of 1, process 15 of 23, pid=41774)
UPCR: UPC thread 16 of 23 on nid00091 (pshm node 0 of 1, process 16 of 23, pid=41775)
UPCR: UPC thread 18 of 23 on nid00091 (pshm node 0 of 1, process 18 of 23, pid=41777)
UPCR: UPC thread 19 of 23 on nid00091 (pshm node 0 of 1, process 19 of 23, pid=41778)
Loading kmlist
Loading kmlist
Loading kmlist
Loading kmlist
Loading kmlist
Loading kmlist
Loading kmlist
Loading kmlist
Loading kmlist
Loading kmlist
Loading kmlist
Loading kmlist
Loading kmlist
Loading kmlist
Loading kmlist
Loading kmlist
Loading kmlist
Loading kmlist
Loading kmlist
Loading kmlist
Loading kmlist
Loading kmlist
Line length: 23
Kmer count:  4514197
Kmer length: 19
Initializing hash table
Reading file
Loading kmlist
Generating contigs...
Contigs generated: 5736
/global/u1/r/rbarnes/cs267/hw3/src/./pgen: Input set: /scratch2/scratchdirs/rbarnes/data/test
Number of UPC threads: 23
Input reading time: 0.386585 seconds
Graph traversal time: 0.114417 seconds
Kmlist offload: 0.227571 seconds
Total time: 0.728686s
UPCR: UPC thread 11 of 24 on nid00091 (pshm node 0 of 1, process 11 of 24, pid=42140)
UPCR: UPC thread 14 of 24 on nid00091 (pshm node 0 of 1, process 14 of 24, pid=42143)
UPCR: UPC thread 16 of 24 on nid00091 (pshm node 0 of 1, process 16 of 24, pid=42145)
UPCR: UPC thread 18 of 24 on nid00091 (pshm node 0 of 1, process 18 of 24, pid=42147)
UPCR: UPC thread 19 of 24 on nid00091 (pshm node 0 of 1, process 19 of 24, pid=42148)
UPCR: UPC thread 20 of 24 on nid00091 (pshm node 0 of 1, process 20 of 24, pid=42149)
UPCR: UPC thread 22 of 24 on nid00091 (pshm node 0 of 1, process 22 of 24, pid=42151)
UPCR: UPC thread 23 of 24 on nid00091 (pshm node 0 of 1, process 23 of 24, pid=42152)
UPCR: UPC thread  0 of 24 on nid00091 (pshm node 0 of 1, process  0 of 24, pid=42129)
UPCR: UPC thread  1 of 24 on nid00091 (pshm node 0 of 1, process  1 of 24, pid=42130)
UPCR: UPC thread  2 of 24 on nid00091 (pshm node 0 of 1, process  2 of 24, pid=42131)
UPCR: UPC thread  3 of 24 on nid00091 (pshm node 0 of 1, process  3 of 24, pid=42132)
UPCR: UPC thread  4 of 24 on nid00091 (pshm node 0 of 1, process  4 of 24, pid=42133)
UPCR: UPC thread  5 of 24 on nid00091 (pshm node 0 of 1, process  5 of 24, pid=42134)
UPCR: UPC thread  6 of 24 on nid00091 (pshm node 0 of 1, process  6 of 24, pid=42135)
UPCR: UPC thread  7 of 24 on nid00091 (pshm node 0 of 1, process  7 of 24, pid=42136)
UPCR: UPC thread  8 of 24 on nid00091 (pshm node 0 of 1, process  8 of 24, pid=42137)
UPCR: UPC thread  9 of 24 on nid00091 (pshm node 0 of 1, process  9 of 24, pid=42138)
UPCR: UPC thread 10 of 24 on nid00091 (pshm node 0 of 1, process 10 of 24, pid=42139)
UPCR: UPC thread 12 of 24 on nid00091 (pshm node 0 of 1, process 12 of 24, pid=42141)
UPCR: UPC thread 13 of 24 on nid00091 (pshm node 0 of 1, process 13 of 24, pid=42142)
UPCR: UPC thread 15 of 24 on nid00091 (pshm node 0 of 1, process 15 of 24, pid=42144)
UPCR: UPC thread 17 of 24 on nid00091 (pshm node 0 of 1, process 17 of 24, pid=42146)
UPCR: UPC thread 21 of 24 on nid00091 (pshm node 0 of 1, process 21 of 24, pid=42150)
Loading kmlist
Loading kmlist
Loading kmlist
Loading kmlist
Loading kmlist
Line length: 23
Kmer count:  4514197
Kmer length: 19
Initializing hash table
Reading file
Loading kmlist
Generating contigs...
Contigs generated: 5736
/global/u1/r/rbarnes/cs267/hw3/src/./pgen: Input set: /scratch2/scratchdirs/rbarnes/data/test
Number of UPC threads: 24
Input reading time: 0.375445 seconds
Graph traversal time: 0.110445 seconds
Kmlist offload: 0.221148 seconds
Total time: 0.707146s
Loading kmlist
Loading kmlist
Loading kmlist
Loading kmlist
Loading kmlist
Loading kmlist
Loading kmlist
Loading kmlist
Loading kmlist
Loading kmlist
Loading kmlist
Loading kmlist
Loading kmlist
Loading kmlist
Loading kmlist
Loading kmlist
Loading kmlist
Loading kmlist
